#
# There is insufficient memory for the Java Runtime Environment to continue.
# Native memory allocation (mmap) failed to map 128974848 bytes for committing reserved memory.
# Possible reasons:
#   The system is out of physical RAM or swap space
#   In 32 bit mode, the process size limit was hit
# Possible solutions:
#   Reduce memory load on the system
#   Increase physical memory or swap space
#   Check if swap backing store is full
#   Use 64 bit Java on a 64 bit OS
#   Decrease Java heap size (-Xmx/-Xms)
#   Decrease number of Java threads
#   Decrease Java thread stack sizes (-Xss)
#   Set larger code cache with -XX:ReservedCodeCacheSize=
# This output file may be truncated or incomplete.
#
#  Out of Memory Error (os_linux.cpp:2627), pid=14541, tid=0x00007fadd9ed5700
#
# JRE version: Java(TM) SE Runtime Environment (8.0_101-b13) (build 1.8.0_101-b13)
# Java VM: Java HotSpot(TM) 64-Bit Server VM (25.101-b13 mixed mode linux-amd64 compressed oops)
# Failed to write core dump. Core dumps have been disabled. To enable core dumping, try "ulimit -c unlimited" before starting Java again
#

---------------  T H R E A D  ---------------

Current thread (0x00007fadec078000):  VMThread [stack: 0x00007fadd9dd5000,0x00007fadd9ed6000] [id=14558]

Stack: [0x00007fadd9dd5000,0x00007fadd9ed6000],  sp=0x00007fadd9ed42a0,  free space=1020k
Native frames: (J=compiled Java code, j=interpreted, Vv=VM code, C=native code)
V  [libjvm.so+0xac3f0a]  VMError::report_and_die()+0x2ba
V  [libjvm.so+0x4fbf9b]  report_vm_out_of_memory(char const*, int, unsigned long, VMErrorType, char const*)+0x8b
V  [libjvm.so+0x9222d3]  os::Linux::commit_memory_impl(char*, unsigned long, bool)+0x103
V  [libjvm.so+0x922829]  os::pd_commit_memory(char*, unsigned long, unsigned long, bool)+0x29
V  [libjvm.so+0x91cb2a]  os::commit_memory(char*, unsigned long, unsigned long, bool)+0x2a
V  [libjvm.so+0x991053]  PSVirtualSpace::expand_by(unsigned long)+0x53
V  [libjvm.so+0x992458]  PSYoungGen::resize_generation(unsigned long, unsigned long)+0xf8
V  [libjvm.so+0x9915b2]  PSYoungGen::resize(unsigned long, unsigned long)+0x22
V  [libjvm.so+0x98e88b]  PSScavenge::invoke_no_policy()+0xf3b
V  [libjvm.so+0x98f011]  PSScavenge::invoke()+0x41
V  [libjvm.so+0x945fc0]  ParallelScavengeHeap::failed_mem_allocate(unsigned long)+0x70
V  [libjvm.so+0xac5927]  VM_ParallelGCFailedAllocation::doit()+0x97
V  [libjvm.so+0xacd405]  VM_Operation::evaluate()+0x55
V  [libjvm.so+0xacb7da]  VMThread::evaluate_operation(VM_Operation*)+0xba
V  [libjvm.so+0xacbb5e]  VMThread::loop()+0x1ce
V  [libjvm.so+0xacbfd0]  VMThread::run()+0x70
V  [libjvm.so+0x924698]  java_start(Thread*)+0x108

VM_Operation (0x00007fadd8ec9e20): ParallelGCFailedAllocation, mode: safepoint, requested by thread 0x00007fadec135800


---------------  P R O C E S S  ---------------

Java Threads: ( => current thread )
  0x00007fadec146000 JavaThread "pool-2-thread-4" [_thread_blocked, id=14601, stack(0x00007fadd89c7000,0x00007fadd8ac8000)]
  0x00007fadec144800 JavaThread "pool-2-thread-3" [_thread_blocked, id=14600, stack(0x00007fadd8ac8000,0x00007fadd8bc9000)]
  0x00007fadec143800 JavaThread "pool-2-thread-2" [_thread_blocked, id=14599, stack(0x00007fadd8bc9000,0x00007fadd8cca000)]
  0x00007fadec138000 JavaThread "pool-3-thread-1" [_thread_blocked, id=14598, stack(0x00007fadd8cca000,0x00007fadd8dcb000)]
  0x00007fadec135800 JavaThread "pool-2-thread-1" [_thread_blocked, id=14597, stack(0x00007fadd8dcb000,0x00007fadd8ecc000)]
  0x00007fadec0c0800 JavaThread "Service Thread" daemon [_thread_blocked, id=14577, stack(0x00007fadd8fcd000,0x00007fadd90ce000)]
  0x00007fadec0bd800 JavaThread "C1 CompilerThread2" daemon [_thread_blocked, id=14576, stack(0x00007fadd90ce000,0x00007fadd91cf000)]
  0x00007fadec0bb800 JavaThread "C2 CompilerThread1" daemon [_thread_in_native, id=14575, stack(0x00007fadd91cf000,0x00007fadd92d0000)]
  0x00007fadec0b8800 JavaThread "C2 CompilerThread0" daemon [_thread_in_native, id=14574, stack(0x00007fadd92d0000,0x00007fadd93d1000)]
  0x00007fadec0b7800 JavaThread "Signal Dispatcher" daemon [_thread_blocked, id=14573, stack(0x00007fadd93d1000,0x00007fadd94d2000)]
  0x00007fadec084000 JavaThread "Finalizer" daemon [_thread_blocked, id=14564, stack(0x00007fadd9bd3000,0x00007fadd9cd4000)]
  0x00007fadec07f800 JavaThread "Reference Handler" daemon [_thread_blocked, id=14561, stack(0x00007fadd9cd4000,0x00007fadd9dd5000)]
  0x00007fadec00a000 JavaThread "main" [_thread_blocked, id=14543, stack(0x00007fadf44b2000,0x00007fadf45b3000)]

Other Threads:
=>0x00007fadec078000 VMThread [stack: 0x00007fadd9dd5000,0x00007fadd9ed6000] [id=14558]
  0x00007fadec0c3000 WatcherThread [stack: 0x00007fadd8ecc000,0x00007fadd8fcd000] [id=14578]

VM state:at safepoint (normal execution)

VM Mutex/Monitor currently owned by a thread:  ([mutex/lock_event])
[0x00007fadec006570] Threads_lock - owner thread: 0x00007fadec078000
[0x00007fadec006a70] Heap_lock - owner thread: 0x00007fadec135800

Heap:
 PSYoungGen      total 99840K, used 3564K [0x00000000eab00000, 0x00000000f1000000, 0x0000000100000000)
  eden space 96256K, 0% used [0x00000000eab00000,0x00000000eab00000,0x00000000f0900000)
  from space 3584K, 99% used [0x00000000f0900000,0x00000000f0c7b088,0x00000000f0c80000)
  to   space 3584K, 0% used [0x00000000f0c80000,0x00000000f0c80000,0x00000000f1000000)
 ParOldGen       total 62976K, used 31527K [0x00000000c0000000, 0x00000000c3d80000, 0x00000000eab00000)
  object space 62976K, 50% used [0x00000000c0000000,0x00000000c1ec9eb0,0x00000000c3d80000)
 Metaspace       used 6064K, capacity 7024K, committed 7296K, reserved 1056768K
  class space    used 599K, capacity 616K, committed 640K, reserved 1048576K

Card table byte_map: [0x00007fadf1056000,0x00007fadf1257000] byte_map_base: 0x00007fadf0a56000

Marking Bits: (ParMarkBitMap*) 0x00007fadf397f120
 Begin Bits: [0x00007faddb000000, 0x00007faddc000000)
 End Bits:   [0x00007faddc000000, 0x00007faddd000000)

Polling page: 0x00007fadf45ce000

CodeCache: size=245760Kb used=5986Kb max_used=5986Kb free=239773Kb
 bounds [0x00007faddd000000, 0x00007faddd5e0000, 0x00007fadec000000]
 total_blobs=1782 nmethods=1520 adapters=176
 compilation: enabled

Compilation events (10 events):
Event: 5.367 Thread 0x00007fadec0bd800 nmethod 1766 0x00007faddd5761d0 code [0x00007faddd576320, 0x00007faddd576470]
Event: 5.367 Thread 0x00007fadec0bd800 1767       2       com.android.dx.rop.type.Prototype::intern (31 bytes)
Event: 5.367 Thread 0x00007fadec0bd800 nmethod 1767 0x00007faddd5d9d50 code [0x00007faddd5d9ee0, 0x00007faddd5da0c8]
Event: 5.367 Thread 0x00007fadec0bd800 1768       2       com.android.dx.cf.iface.StdMethodList::set (7 bytes)
Event: 5.367 Thread 0x00007fadec0bd800 nmethod 1768 0x00007faddd5da210 code [0x00007faddd5da3c0, 0x00007faddd5da808]
Event: 5.367 Thread 0x00007fadec0bd800 1774       2       com.android.dx.rop.cst.StdConstantPool::get0Ok (12 bytes)
Event: 5.368 Thread 0x00007fadec0bd800 nmethod 1774 0x00007faddd5dac90 code [0x00007faddd5daea0, 0x00007faddd5db618]
Event: 5.368 Thread 0x00007fadec0bd800 1655       2       com.android.dx.rop.code.AccessFlags::isAbstract (14 bytes)
Event: 5.368 Thread 0x00007fadec0bd800 nmethod 1655 0x00007faddd5dbf50 code [0x00007faddd5dc0a0, 0x00007faddd5dc1f0]
Event: 5.368 Thread 0x00007fadec0bd800 1656       2       com.android.dx.dex.cf.AttributeTranslator::getMethodAnnotations (37 bytes)

GC Heap History (9 events):
Event: 1.194 GC heap before
{Heap before GC invocations=1 (full 0):
 PSYoungGen      total 27648K, used 24064K [0x00000000eab00000, 0x00000000ec980000, 0x0000000100000000)
  eden space 24064K, 100% used [0x00000000eab00000,0x00000000ec280000,0x00000000ec280000)
  from space 3584K, 0% used [0x00000000ec600000,0x00000000ec600000,0x00000000ec980000)
  to   space 3584K, 0% used [0x00000000ec280000,0x00000000ec280000,0x00000000ec600000)
 ParOldGen       total 62976K, used 0K [0x00000000c0000000, 0x00000000c3d80000, 0x00000000eab00000)
  object space 62976K, 0% used [0x00000000c0000000,0x00000000c0000000,0x00000000c3d80000)
 Metaspace       used 5617K, capacity 6768K, committed 7040K, reserved 1056768K
  class space    used 578K, capacity 616K, committed 640K, reserved 1048576K
Event: 1.218 GC heap after
Heap after GC invocations=1 (full 0):
 PSYoungGen      total 27648K, used 3569K [0x00000000eab00000, 0x00000000ee100000, 0x0000000100000000)
  eden space 24064K, 0% used [0x00000000eab00000,0x00000000eab00000,0x00000000ec280000)
  from space 3584K, 99% used [0x00000000ec280000,0x00000000ec5fc460,0x00000000ec600000)
  to   space 3584K, 0% used [0x00000000edd80000,0x00000000edd80000,0x00000000ee100000)
 ParOldGen       total 62976K, used 1052K [0x00000000c0000000, 0x00000000c3d80000, 0x00000000eab00000)
  object space 62976K, 1% used [0x00000000c0000000,0x00000000c0107398,0x00000000c3d80000)
 Metaspace       used 5617K, capacity 6768K, committed 7040K, reserved 1056768K
  class space    used 578K, capacity 616K, committed 640K, reserved 1048576K
}
Event: 1.927 GC heap before
{Heap before GC invocations=2 (full 0):
 PSYoungGen      total 27648K, used 27633K [0x00000000eab00000, 0x00000000ee100000, 0x0000000100000000)
  eden space 24064K, 100% used [0x00000000eab00000,0x00000000ec280000,0x00000000ec280000)
  from space 3584K, 99% used [0x00000000ec280000,0x00000000ec5fc460,0x00000000ec600000)
  to   space 3584K, 0% used [0x00000000edd80000,0x00000000edd80000,0x00000000ee100000)
 ParOldGen       total 62976K, used 1052K [0x00000000c0000000, 0x00000000c3d80000, 0x00000000eab00000)
  object space 62976K, 1% used [0x00000000c0000000,0x00000000c0107398,0x00000000c3d80000)
 Metaspace       used 5724K, capacity 6832K, committed 7040K, reserved 1056768K
  class space    used 579K, capacity 616K, committed 640K, reserved 1048576K
Event: 1.958 GC heap after
Heap after GC invocations=2 (full 0):
 PSYoungGen      total 51712K, used 3557K [0x00000000eab00000, 0x00000000ee100000, 0x0000000100000000)
  eden space 48128K, 0% used [0x00000000eab00000,0x00000000eab00000,0x00000000eda00000)
  from space 3584K, 99% used [0x00000000edd80000,0x00000000ee0f9760,0x00000000ee100000)
  to   space 3584K, 0% used [0x00000000eda00000,0x00000000eda00000,0x00000000edd80000)
 ParOldGen       total 62976K, used 4368K [0x00000000c0000000, 0x00000000c3d80000, 0x00000000eab00000)
  object space 62976K, 6% used [0x00000000c0000000,0x00000000c0444380,0x00000000c3d80000)
 Metaspace       used 5724K, capacity 6832K, committed 7040K, reserved 1056768K
  class space    used 579K, capacity 616K, committed 640K, reserved 1048576K
}
Event: 3.022 GC heap before
{Heap before GC invocations=3 (full 0):
 PSYoungGen      total 51712K, used 51685K [0x00000000eab00000, 0x00000000ee100000, 0x0000000100000000)
  eden space 48128K, 100% used [0x00000000eab00000,0x00000000eda00000,0x00000000eda00000)
  from space 3584K, 99% used [0x00000000edd80000,0x00000000ee0f9760,0x00000000ee100000)
  to   space 3584K, 0% used [0x00000000eda00000,0x00000000eda00000,0x00000000edd80000)
 ParOldGen       total 62976K, used 4368K [0x00000000c0000000, 0x00000000c3d80000, 0x00000000eab00000)
  object space 62976K, 6% used [0x00000000c0000000,0x00000000c0444380,0x00000000c3d80000)
 Metaspace       used 5785K, capacity 6896K, committed 7040K, reserved 1056768K
  class space    used 580K, capacity 616K, committed 640K, reserved 1048576K
Event: 3.097 GC heap after
Heap after GC invocations=3 (full 0):
 PSYoungGen      total 51712K, used 3556K [0x00000000eab00000, 0x00000000f1000000, 0x0000000100000000)
  eden space 48128K, 0% used [0x00000000eab00000,0x00000000eab00000,0x00000000eda00000)
  from space 3584K, 99% used [0x00000000eda00000,0x00000000edd79060,0x00000000edd80000)
  to   space 3584K, 0% used [0x00000000f0c80000,0x00000000f0c80000,0x00000000f1000000)
 ParOldGen       total 62976K, used 11265K [0x00000000c0000000, 0x00000000c3d80000, 0x00000000eab00000)
  object space 62976K, 17% used [0x00000000c0000000,0x00000000c0b00680,0x00000000c3d80000)
 Metaspace       used 5785K, capacity 6896K, committed 7040K, reserved 1056768K
  class space    used 580K, capacity 616K, committed 640K, reserved 1048576K
}
Event: 3.742 GC heap before
{Heap before GC invocations=4 (full 0):
 PSYoungGen      total 51712K, used 51684K [0x00000000eab00000, 0x00000000f1000000, 0x0000000100000000)
  eden space 48128K, 100% used [0x00000000eab00000,0x00000000eda00000,0x00000000eda00000)
  from space 3584K, 99% used [0x00000000eda00000,0x00000000edd79060,0x00000000edd80000)
  to   space 3584K, 0% used [0x00000000f0c80000,0x00000000f0c80000,0x00000000f1000000)
 ParOldGen       total 62976K, used 11265K [0x00000000c0000000, 0x00000000c3d80000, 0x00000000eab00000)
  object space 62976K, 17% used [0x00000000c0000000,0x00000000c0b00680,0x00000000c3d80000)
 Metaspace       used 5822K, capacity 6896K, committed 7040K, reserved 1056768K
  class space    used 580K, capacity 616K, committed 640K, reserved 1048576K
Event: 3.863 GC heap after
Heap after GC invocations=4 (full 0):
 PSYoungGen      total 99840K, used 3570K [0x00000000eab00000, 0x00000000f1000000, 0x0000000100000000)
  eden space 96256K, 0% used [0x00000000eab00000,0x00000000eab00000,0x00000000f0900000)
  from space 3584K, 99% used [0x00000000f0c80000,0x00000000f0ffcb78,0x00000000f1000000)
  to   space 3584K, 0% used [0x00000000f0900000,0x00000000f0900000,0x00000000f0c80000)
 ParOldGen       total 62976K, used 18649K [0x00000000c0000000, 0x00000000c3d80000, 0x00000000eab00000)
  object space 62976K, 29% used [0x00000000c0000000,0x00000000c1236508,0x00000000c3d80000)
 Metaspace       used 5822K, capacity 6896K, committed 7040K, reserved 1056768K
  class space    used 580K, capacity 616K, committed 640K, reserved 1048576K
}
Event: 5.389 GC heap before
{Heap before GC invocations=5 (full 0):
 PSYoungGen      total 99840K, used 99826K [0x00000000eab00000, 0x00000000f1000000, 0x0000000100000000)
  eden space 96256K, 100% used [0x00000000eab00000,0x00000000f0900000,0x00000000f0900000)
  from space 3584K, 99% used [0x00000000f0c80000,0x00000000f0ffcb78,0x00000000f1000000)
  to   space 3584K, 0% used [0x00000000f0900000,0x00000000f0900000,0x00000000f0c80000)
 ParOldGen       total 62976K, used 18649K [0x00000000c0000000, 0x00000000c3d80000, 0x00000000eab00000)
  object space 62976K, 29% used [0x00000000c0000000,0x00000000c1236508,0x00000000c3d80000)
 Metaspace       used 6064K, capacity 7024K, committed 7296K, reserved 1056768K
  class space    used 599K, capacity 616K, committed 640K, reserved 1048576K

Deoptimization events (10 events):
Event: 1.822 Thread 0x00007fadec00a000 Uncommon trap: reason=unstable_if action=reinterpret pc=0x00007faddd240c24 method=java.lang.String.<init>([CII)V @ 18
Event: 2.246 Thread 0x00007fadec00a000 Uncommon trap: reason=unstable_if action=reinterpret pc=0x00007faddd231ca8 method=java.lang.String.<init>([CII)V @ 18
Event: 2.305 Thread 0x00007fadec143800 Uncommon trap: reason=unstable_if action=reinterpret pc=0x00007faddd268fdc method=com.android.dx.rop.cst.Constant.compareTo(Lcom/android/dx/rop/cst/Constant;)I @ 12
Event: 2.424 Thread 0x00007fadec146000 Uncommon trap: reason=bimorphic action=maybe_recompile pc=0x00007faddd26ca98 method=java.util.HashMap.getNode(ILjava/lang/Object;)Ljava/util/HashMap$Node; @ 126
Event: 2.424 Thread 0x00007fadec146000 Uncommon trap: reason=bimorphic action=maybe_recompile pc=0x00007faddd26ca98 method=java.util.HashMap.getNode(ILjava/lang/Object;)Ljava/util/HashMap$Node; @ 126
Event: 3.120 Thread 0x00007fadec146000 Uncommon trap: reason=unstable_if action=reinterpret pc=0x00007faddd3e2d84 method=com.android.dx.util.IntList.binarysearch(I)I @ 105
Event: 3.162 Thread 0x00007fadec00a000 Uncommon trap: reason=unstable_if action=reinterpret pc=0x00007faddd3abe3c method=com.android.dx.ssa.SsaMethod.updateOneDefinition(Lcom/android/dx/ssa/SsaInsn;Lcom/android/dx/rop/code/RegisterSpec;)V @ 4
Event: 4.375 Thread 0x00007fadec00a000 Uncommon trap: reason=unstable_if action=reinterpret pc=0x00007faddd2e9be4 method=java.util.HashMap.putVal(ILjava/lang/Object;Ljava/lang/Object;ZZ)Ljava/lang/Object; @ 162
Event: 4.619 Thread 0x00007fadec00a000 Uncommon trap: reason=unstable_if action=reinterpret pc=0x00007faddd3b5874 method=java.util.HashMap.getNode(ILjava/lang/Object;)Ljava/util/HashMap$Node; @ 84
Event: 4.888 Thread 0x00007fadec135800 Uncommon trap: reason=unstable_if action=reinterpret pc=0x00007faddd4ee570 method=java.util.HashMap.putVal(ILjava/lang/Object;Ljava/lang/Object;ZZ)Ljava/lang/Object; @ 162

Internal exceptions (6 events):
Event: 0.028 Thread 0x00007fadec00a000 Exception <a 'java/lang/NoSuchMethodError': Method sun.misc.Unsafe.defineClass(Ljava/lang/String;[BII)Ljava/lang/Class; name or signature does not match> (0x00000000eab07cc0) thrown at [/HUDSON3/workspace/8-2-build-linux-amd64/jdk8u101/7261/hotspot/src/sh
Event: 0.028 Thread 0x00007fadec00a000 Exception <a 'java/lang/NoSuchMethodError': Method sun.misc.Unsafe.prefetchRead(Ljava/lang/Object;J)V name or signature does not match> (0x00000000eab07fa8) thrown at [/HUDSON3/workspace/8-2-build-linux-amd64/jdk8u101/7261/hotspot/src/share/vm/prims/jni.c
Event: 1.731 Thread 0x00007fadec00a000 Implicit null exception at 0x00007faddd2cb8ac to 0x00007faddd2ce899
Event: 4.453 Thread 0x00007fadec00a000 Exception <a 'java/lang/ArrayIndexOutOfBoundsException': 18> (0x00000000ed29e3d8) thrown at [/HUDSON3/workspace/8-2-build-linux-amd64/jdk8u101/7261/hotspot/src/share/vm/interpreter/interpreterRuntime.cpp, line 366]
Event: 4.454 Thread 0x00007fadec00a000 Exception <a 'java/lang/ArrayIndexOutOfBoundsException': 145> (0x00000000ed29ff58) thrown at [/HUDSON3/workspace/8-2-build-linux-amd64/jdk8u101/7261/hotspot/src/share/vm/interpreter/interpreterRuntime.cpp, line 366]
Event: 4.583 Thread 0x00007fadec00a000 Exception <a 'java/lang/ArrayIndexOutOfBoundsException'> (0x00000000ed2a1240) thrown at [/HUDSON3/workspace/8-2-build-linux-amd64/jdk8u101/7261/hotspot/src/share/vm/runtime/sharedRuntime.cpp, line 605]

Events (10 events):
Event: 5.203 Thread 0x00007fadec144800 DEOPT UNPACKING pc=0x00007faddd047633 sp=0x00007fadd8bc6b20 mode 0
Event: 5.249 Thread 0x00007fadec135800 DEOPT PACKING pc=0x00007faddd418103 sp=0x00007fadd8eca3e0
Event: 5.252 Thread 0x00007fadec135800 DEOPT UNPACKING pc=0x00007faddd047633 sp=0x00007fadd8eca150 mode 0
Event: 5.254 Thread 0x00007fadec135800 DEOPT PACKING pc=0x00007faddd4199ad sp=0x00007fadd8eca330
Event: 5.254 Thread 0x00007fadec135800 DEOPT UNPACKING pc=0x00007faddd047633 sp=0x00007fadd8eca090 mode 0
Event: 5.255 Thread 0x00007fadec135800 DEOPT PACKING pc=0x00007faddd418bec sp=0x00007fadd8eca1c0
Event: 5.255 Thread 0x00007fadec135800 DEOPT UNPACKING pc=0x00007faddd047633 sp=0x00007fadd8ec9fb8 mode 0
Event: 5.275 Thread 0x00007fadec143800 DEOPT PACKING pc=0x00007faddd3552e7 sp=0x00007fadd8cc7e30
Event: 5.275 Thread 0x00007fadec143800 DEOPT UNPACKING pc=0x00007faddd047633 sp=0x00007fadd8cc7c18 mode 0
Event: 5.371 Executing VM operation: ParallelGCFailedAllocation


Dynamic libraries:
00400000-00401000 r-xp 00000000 08:02 667896                             /usr/lib/jvm/java-8-oracle/bin/java
00600000-00601000 rw-p 00000000 08:02 667896                             /usr/lib/jvm/java-8-oracle/bin/java
012fd000-0131e000 rw-p 00000000 00:00 0                                  [heap]
c0000000-c3d80000 rw-p 00000000 00:00 0 
c3d80000-eab00000 ---p 00000000 00:00 0 
eab00000-f1000000 rw-p 00000000 00:00 0 
f8b00000-100000000 ---p 00000000 00:00 0 
100000000-1000a0000 rw-p 00000000 00:00 0 
1000a0000-140000000 ---p 00000000 00:00 0 
7fad8c000000-7fad8c022000 rw-p 00000000 00:00 0 
7fad8c022000-7fad90000000 ---p 00000000 00:00 0 
7fad94000000-7fad94021000 rw-p 00000000 00:00 0 
7fad94021000-7fad98000000 ---p 00000000 00:00 0 
7fad98000000-7fad98021000 rw-p 00000000 00:00 0 
7fad98021000-7fad9c000000 ---p 00000000 00:00 0 
7fad9c000000-7fad9c02b000 rw-p 00000000 00:00 0 
7fad9c02b000-7fada0000000 ---p 00000000 00:00 0 
7fada0000000-7fada0021000 rw-p 00000000 00:00 0 
7fada0021000-7fada4000000 ---p 00000000 00:00 0 
7fada4000000-7fada4021000 rw-p 00000000 00:00 0 
7fada4021000-7fada8000000 ---p 00000000 00:00 0 
7fada8000000-7fada8021000 rw-p 00000000 00:00 0 
7fada8021000-7fadac000000 ---p 00000000 00:00 0 
7fadac000000-7fadacb6f000 rw-p 00000000 00:00 0 
7fadacb6f000-7fadb0000000 ---p 00000000 00:00 0 
7fadb0000000-7fadb0804000 rw-p 00000000 00:00 0 
7fadb0804000-7fadb4000000 ---p 00000000 00:00 0 
7fadb4000000-7fadb4021000 rw-p 00000000 00:00 0 
7fadb4021000-7fadb8000000 ---p 00000000 00:00 0 
7fadb8000000-7fadb8904000 rw-p 00000000 00:00 0 
7fadb8904000-7fadbc000000 ---p 00000000 00:00 0 
7fadbc000000-7fadbc021000 rw-p 00000000 00:00 0 
7fadbc021000-7fadc0000000 ---p 00000000 00:00 0 
7fadc0000000-7fadc0021000 rw-p 00000000 00:00 0 
7fadc0021000-7fadc4000000 ---p 00000000 00:00 0 
7fadc4000000-7fadc4021000 rw-p 00000000 00:00 0 
7fadc4021000-7fadc8000000 ---p 00000000 00:00 0 
7fadc8000000-7fadc828e000 rw-p 00000000 00:00 0 
7fadc828e000-7fadcc000000 ---p 00000000 00:00 0 
7fadcc000000-7fadcc021000 rw-p 00000000 00:00 0 
7fadcc021000-7fadd0000000 ---p 00000000 00:00 0 
7fadd0000000-7fadd0021000 rw-p 00000000 00:00 0 
7fadd0021000-7fadd4000000 ---p 00000000 00:00 0 
7fadd4000000-7fadd4021000 rw-p 00000000 00:00 0 
7fadd4021000-7fadd8000000 ---p 00000000 00:00 0 
7fadd89c7000-7fadd89ca000 ---p 00000000 00:00 0 
7fadd89ca000-7fadd8ac8000 rw-p 00000000 00:00 0 
7fadd8ac8000-7fadd8acb000 ---p 00000000 00:00 0 
7fadd8acb000-7fadd8bc9000 rw-p 00000000 00:00 0 
7fadd8bc9000-7fadd8bcc000 ---p 00000000 00:00 0 
7fadd8bcc000-7fadd8cca000 rw-p 00000000 00:00 0 
7fadd8cca000-7fadd8ccd000 ---p 00000000 00:00 0 
7fadd8ccd000-7fadd8dcb000 rw-p 00000000 00:00 0 
7fadd8dcb000-7fadd8dce000 ---p 00000000 00:00 0 
7fadd8dce000-7fadd8ecc000 rw-p 00000000 00:00 0 
7fadd8ecc000-7fadd8ecd000 ---p 00000000 00:00 0 
7fadd8ecd000-7fadd8fcd000 rw-p 00000000 00:00 0 
7fadd8fcd000-7fadd8fd0000 ---p 00000000 00:00 0 
7fadd8fd0000-7fadd90ce000 rw-p 00000000 00:00 0 
7fadd90ce000-7fadd90d1000 ---p 00000000 00:00 0 
7fadd90d1000-7fadd91cf000 rw-p 00000000 00:00 0 
7fadd91cf000-7fadd91d2000 ---p 00000000 00:00 0 
7fadd91d2000-7fadd92d0000 rw-p 00000000 00:00 0 
7fadd92d0000-7fadd92d3000 ---p 00000000 00:00 0 
7fadd92d3000-7fadd93d1000 rw-p 00000000 00:00 0 
7fadd93d1000-7fadd93d4000 ---p 00000000 00:00 0 
7fadd93d4000-7fadd94d2000 rw-p 00000000 00:00 0 
7fadd94d2000-7fadd9bd3000 r--p 00000000 08:02 270613                     /usr/lib/locale/locale-archive
7fadd9bd3000-7fadd9bd6000 ---p 00000000 00:00 0 
7fadd9bd6000-7fadd9cd4000 rw-p 00000000 00:00 0 
7fadd9cd4000-7fadd9cd7000 ---p 00000000 00:00 0 
7fadd9cd7000-7fadd9dd5000 rw-p 00000000 00:00 0 
7fadd9dd5000-7fadd9dd6000 ---p 00000000 00:00 0 
7fadd9dd6000-7faddae27000 rw-p 00000000 00:00 0 
7faddae27000-7faddb000000 r--s 03d29000 08:02 795097                     /usr/lib/jvm/java-8-oracle/jre/lib/rt.jar
7faddb000000-7faddd000000 rw-p 00000000 00:00 0 
7faddd000000-7faddd5e0000 rwxp 00000000 00:00 0 
7faddd5e0000-7fadec000000 ---p 00000000 00:00 0 
7fadec000000-7fadec392000 rw-p 00000000 00:00 0 
7fadec392000-7fadf0000000 ---p 00000000 00:00 0 
7fadf000b000-7fadf0016000 r--s 00097000 08:04 11535021                   /home/hatem/old_ubuntu/learning_Android/MovieApp/app/build/intermediates/exploded-aar/com.android.support/appcompat-v7/24.2.1/jars/classes.jar
7fadf0016000-7fadf077c000 rw-p 00000000 00:00 0 
7fadf077c000-7fadf08fc000 ---p 00000000 00:00 0 
7fadf08fc000-7fadf0afc000 rw-p 00000000 00:00 0 
7fadf0afc000-7fadf0afd000 ---p 00000000 00:00 0 
7fadf0afd000-7fadf0bfd000 rw-p 00000000 00:00 0 
7fadf0bfd000-7fadf0bfe000 ---p 00000000 00:00 0 
7fadf0bfe000-7fadf0cfe000 rw-p 00000000 00:00 0 
7fadf0cfe000-7fadf0cff000 ---p 00000000 00:00 0 
7fadf0cff000-7fadf0dff000 rw-p 00000000 00:00 0 
7fadf0dff000-7fadf0e00000 ---p 00000000 00:00 0 
7fadf0e00000-7fadf0f1f000 rw-p 00000000 00:00 0 
7fadf0f1f000-7fadf1056000 ---p 00000000 00:00 0 
7fadf1056000-7fadf1075000 rw-p 00000000 00:00 0 
7fadf1075000-7fadf11ab000 ---p 00000000 00:00 0 
7fadf11ab000-7fadf11de000 rw-p 00000000 00:00 0 
7fadf11de000-7fadf1256000 ---p 00000000 00:00 0 
7fadf1256000-7fadf126f000 rw-p 00000000 00:00 0 
7fadf126f000-7fadf1617000 ---p 00000000 00:00 0 
7fadf1617000-7fadf1631000 r-xp 00000000 08:02 3017401                    /usr/lib/jvm/java-8-oracle/jre/lib/amd64/libzip.so
7fadf1631000-7fadf1831000 ---p 0001a000 08:02 3017401                    /usr/lib/jvm/java-8-oracle/jre/lib/amd64/libzip.so
7fadf1831000-7fadf1832000 rw-p 0001a000 08:02 3017401                    /usr/lib/jvm/java-8-oracle/jre/lib/amd64/libzip.so
7fadf1832000-7fadf183d000 r-xp 00000000 08:02 2364009                    /lib/x86_64-linux-gnu/libnss_files-2.23.so
7fadf183d000-7fadf1a3c000 ---p 0000b000 08:02 2364009                    /lib/x86_64-linux-gnu/libnss_files-2.23.so
7fadf1a3c000-7fadf1a3d000 r--p 0000a000 08:02 2364009                    /lib/x86_64-linux-gnu/libnss_files-2.23.so
7fadf1a3d000-7fadf1a3e000 rw-p 0000b000 08:02 2364009                    /lib/x86_64-linux-gnu/libnss_files-2.23.so
7fadf1a3e000-7fadf1a44000 rw-p 00000000 00:00 0 
7fadf1a44000-7fadf1a4f000 r-xp 00000000 08:02 2364020                    /lib/x86_64-linux-gnu/libnss_nis-2.23.so
7fadf1a4f000-7fadf1c4e000 ---p 0000b000 08:02 2364020                    /lib/x86_64-linux-gnu/libnss_nis-2.23.so
7fadf1c4e000-7fadf1c4f000 r--p 0000a000 08:02 2364020                    /lib/x86_64-linux-gnu/libnss_nis-2.23.so
7fadf1c4f000-7fadf1c50000 rw-p 0000b000 08:02 2364020                    /lib/x86_64-linux-gnu/libnss_nis-2.23.so
7fadf1c50000-7fadf1c66000 r-xp 00000000 08:02 2364003                    /lib/x86_64-linux-gnu/libnsl-2.23.so
7fadf1c66000-7fadf1e65000 ---p 00016000 08:02 2364003                    /lib/x86_64-linux-gnu/libnsl-2.23.so
7fadf1e65000-7fadf1e66000 r--p 00015000 08:02 2364003                    /lib/x86_64-linux-gnu/libnsl-2.23.so
7fadf1e66000-7fadf1e67000 rw-p 00016000 08:02 2364003                    /lib/x86_64-linux-gnu/libnsl-2.23.so
7fadf1e67000-7fadf1e69000 rw-p 00000000 00:00 0 
7fadf1e69000-7fadf1e71000 r-xp 00000000 08:02 2364005                    /lib/x86_64-linux-gnu/libnss_compat-2.23.so
7fadf1e71000-7fadf2070000 ---p 00008000 08:02 2364005                    /lib/x86_64-linux-gnu/libnss_compat-2.23.so
7fadf2070000-7fadf2071000 r--p 00007000 08:02 2364005                    /lib/x86_64-linux-gnu/libnss_compat-2.23.so
7fadf2071000-7fadf2072000 rw-p 00008000 08:02 2364005                    /lib/x86_64-linux-gnu/libnss_compat-2.23.so
7fadf2072000-7fadf209c000 r-xp 00000000 08:02 3017425                    /usr/lib/jvm/java-8-oracle/jre/lib/amd64/libjava.so
7fadf209c000-7fadf229c000 ---p 0002a000 08:02 3017425                    /usr/lib/jvm/java-8-oracle/jre/lib/amd64/libjava.so
7fadf229c000-7fadf229e000 rw-p 0002a000 08:02 3017425                    /usr/lib/jvm/java-8-oracle/jre/lib/amd64/libjava.so
7fadf229e000-7fadf22ab000 r-xp 00000000 08:02 3017381                    /usr/lib/jvm/java-8-oracle/jre/lib/amd64/libverify.so
7fadf22ab000-7fadf24ab000 ---p 0000d000 08:02 3017381                    /usr/lib/jvm/java-8-oracle/jre/lib/amd64/libverify.so
7fadf24ab000-7fadf24ad000 rw-p 0000d000 08:02 3017381                    /usr/lib/jvm/java-8-oracle/jre/lib/amd64/libverify.so
7fadf24ad000-7fadf24b4000 r-xp 00000000 08:02 2364065                    /lib/x86_64-linux-gnu/librt-2.23.so
7fadf24b4000-7fadf26b3000 ---p 00007000 08:02 2364065                    /lib/x86_64-linux-gnu/librt-2.23.so
7fadf26b3000-7fadf26b4000 r--p 00006000 08:02 2364065                    /lib/x86_64-linux-gnu/librt-2.23.so
7fadf26b4000-7fadf26b5000 rw-p 00007000 08:02 2364065                    /lib/x86_64-linux-gnu/librt-2.23.so
7fadf26b5000-7fadf27bd000 r-xp 00000000 08:02 2363982                    /lib/x86_64-linux-gnu/libm-2.23.so
7fadf27bd000-7fadf29bc000 ---p 00108000 08:02 2363982                    /lib/x86_64-linux-gnu/libm-2.23.so
7fadf29bc000-7fadf29bd000 r--p 00107000 08:02 2363982                    /lib/x86_64-linux-gnu/libm-2.23.so
7fadf29bd000-7fadf29be000 rw-p 00108000 08:02 2363982                    /lib/x86_64-linux-gnu/libm-2.23.so
7fadf29be000-7fadf3689000 r-xp 00000000 08:02 3146955                    /usr/lib/jvm/java-8-oracle/jre/lib/amd64/server/libjvm.so
7fadf3689000-7fadf3888000 ---p 00ccb000 08:02 3146955                    /usr/lib/jvm/java-8-oracle/jre/lib/amd64/server/libjvm.so
7fadf3888000-7fadf3961000 rw-p 00cca000 08:02 3146955                    /usr/lib/jvm/java-8-oracle/jre/lib/amd64/server/libjvm.so
7fadf3961000-7fadf39ac000 rw-p 00000000 00:00 0 
7fadf39ac000-7fadf3b6c000 r-xp 00000000 08:02 2363914                    /lib/x86_64-linux-gnu/libc-2.23.so
7fadf3b6c000-7fadf3d6b000 ---p 001c0000 08:02 2363914                    /lib/x86_64-linux-gnu/libc-2.23.so
7fadf3d6b000-7fadf3d6f000 r--p 001bf000 08:02 2363914                    /lib/x86_64-linux-gnu/libc-2.23.so
7fadf3d6f000-7fadf3d71000 rw-p 001c3000 08:02 2363914                    /lib/x86_64-linux-gnu/libc-2.23.so
7fadf3d71000-7fadf3d75000 rw-p 00000000 00:00 0 
7fadf3d75000-7fadf3d78000 r-xp 00000000 08:02 2363936                    /lib/x86_64-linux-gnu/libdl-2.23.so
7fadf3d78000-7fadf3f77000 ---p 00003000 08:02 2363936                    /lib/x86_64-linux-gnu/libdl-2.23.so
7fadf3f77000-7fadf3f78000 r--p 00002000 08:02 2363936                    /lib/x86_64-linux-gnu/libdl-2.23.so
7fadf3f78000-7fadf3f79000 rw-p 00003000 08:02 2363936                    /lib/x86_64-linux-gnu/libdl-2.23.so
7fadf3f79000-7fadf3f8e000 r-xp 00000000 08:02 1586632                    /usr/lib/jvm/java-8-oracle/lib/amd64/jli/libjli.so
7fadf3f8e000-7fadf418e000 ---p 00015000 08:02 1586632                    /usr/lib/jvm/java-8-oracle/lib/amd64/jli/libjli.so
7fadf418e000-7fadf418f000 rw-p 00015000 08:02 1586632                    /usr/lib/jvm/java-8-oracle/lib/amd64/jli/libjli.so
7fadf418f000-7fadf41a7000 r-xp 00000000 08:02 2364057                    /lib/x86_64-linux-gnu/libpthread-2.23.so
7fadf41a7000-7fadf43a6000 ---p 00018000 08:02 2364057                    /lib/x86_64-linux-gnu/libpthread-2.23.so
7fadf43a6000-7fadf43a7000 r--p 00017000 08:02 2364057                    /lib/x86_64-linux-gnu/libpthread-2.23.so
7fadf43a7000-7fadf43a8000 rw-p 00018000 08:02 2364057                    /lib/x86_64-linux-gnu/libpthread-2.23.so
7fadf43a8000-7fadf43ac000 rw-p 00000000 00:00 0 
7fadf43ac000-7fadf43d2000 r-xp 00000000 08:02 2363886                    /lib/x86_64-linux-gnu/ld-2.23.so
7fadf43d9000-7fadf44b2000 rw-p 00000000 00:00 0 
7fadf44b2000-7fadf44b5000 ---p 00000000 00:00 0 
7fadf44b5000-7fadf45b7000 rw-p 00000000 00:00 0 
7fadf45b7000-7fadf45c5000 r--s 000e0000 08:04 8782666                    /home/hatem/old_ubuntu/Android/Sdk/build-tools/24.0.1/lib/dx.jar
7fadf45c5000-7fadf45cd000 rw-s 00000000 08:02 3675882                    /tmp/hsperfdata_hatem/14541
7fadf45cd000-7fadf45ce000 rw-p 00000000 00:00 0 
7fadf45ce000-7fadf45cf000 ---p 00000000 00:00 0 
7fadf45cf000-7fadf45d1000 rw-p 00000000 00:00 0 
7fadf45d1000-7fadf45d2000 r--p 00025000 08:02 2363886                    /lib/x86_64-linux-gnu/ld-2.23.so
7fadf45d2000-7fadf45d3000 rw-p 00026000 08:02 2363886                    /lib/x86_64-linux-gnu/ld-2.23.so
7fadf45d3000-7fadf45d4000 rw-p 00000000 00:00 0 
7fff98c85000-7fff98ca6000 rw-p 00000000 00:00 0                          [stack]
7fff98cab000-7fff98cad000 r--p 00000000 00:00 0                          [vvar]
7fff98cad000-7fff98caf000 r-xp 00000000 00:00 0                          [vdso]
ffffffffff600000-ffffffffff601000 r-xp 00000000 00:00 0                  [vsyscall]

VM Arguments:
jvm_args: -Djava.awt.headless=true -Xmx1024M -Dfile.encoding=UTF-8 -Duser.country=US -Duser.language=en -Duser.variant 
java_command: com.android.dx.command.Main --dex --force-jumbo --num-threads=4 --multi-dex --output /home/hatem/old_ubuntu/learning_Android/MovieApp/app/build/intermediates/transforms/dex/debug/folders/1000/10/com.android.support-appcompat-v7-24.2.1_ef52f187b6dc26cb12fd7fd26ee528798f377f10 /home/hatem/old_ubuntu/learning_Android/MovieApp/app/build/intermediates/exploded-aar/com.android.support/appcompat-v7/24.2.1/jars/classes.jar
java_class_path (initial): /home/hatem/old_ubuntu/Android/Sdk/build-tools/24.0.1/lib/dx.jar
Launcher Type: SUN_STANDARD

Environment Variables:
JAVA_HOME=/usr/lib/jvm/java-8-oracle
PATH=/usr/local/sbin:/usr/local/bin:/usr/sbin:/usr/bin:/sbin:/bin:/usr/games:/usr/local/games:/snap/bin:/usr/lib/jvm/java-8-oracle/bin:/usr/lib/jvm/java-8-oracle/db/bin:/usr/lib/jvm/java-8-oracle/jre/bin
USERNAME=hatem
LD_LIBRARY_PATH=/opt/android-studio/bin:
SHELL=/bin/bash
DISPLAY=:1

Signal Handlers:
SIGSEGV: [libjvm.so+0xac4790], sa_mask[0]=11111111011111111101111111111110, sa_flags=SA_RESTART|SA_SIGINFO
SIGBUS: [libjvm.so+0xac4790], sa_mask[0]=11111111011111111101111111111110, sa_flags=SA_RESTART|SA_SIGINFO
SIGFPE: [libjvm.so+0x91f140], sa_mask[0]=11111111011111111101111111111110, sa_flags=SA_RESTART|SA_SIGINFO
SIGPIPE: [libjvm.so+0x91f140], sa_mask[0]=11111111011111111101111111111110, sa_flags=SA_RESTART|SA_SIGINFO
SIGXFSZ: [libjvm.so+0x91f140], sa_mask[0]=11111111011111111101111111111110, sa_flags=SA_RESTART|SA_SIGINFO
SIGILL: [libjvm.so+0x91f140], sa_mask[0]=11111111011111111101111111111110, sa_flags=SA_RESTART|SA_SIGINFO
SIGUSR1: SIG_DFL, sa_mask[0]=00000000000000000000000000000000, sa_flags=none
SIGUSR2: [libjvm.so+0x920770], sa_mask[0]=00100000000000000000000000000000, sa_flags=SA_RESTART|SA_SIGINFO
SIGHUP: [libjvm.so+0x921b70], sa_mask[0]=11111111011111111101111111111110, sa_flags=SA_RESTART|SA_SIGINFO
SIGINT: [libjvm.so+0x921b70], sa_mask[0]=11111111011111111101111111111110, sa_flags=SA_RESTART|SA_SIGINFO
SIGTERM: [libjvm.so+0x921b70], sa_mask[0]=11111111011111111101111111111110, sa_flags=SA_RESTART|SA_SIGINFO
SIGQUIT: [libjvm.so+0x921b70], sa_mask[0]=11111111011111111101111111111110, sa_flags=SA_RESTART|SA_SIGINFO


---------------  S Y S T E M  ---------------

OS:DISTRIB_ID=Ubuntu
DISTRIB_RELEASE=16.04
DISTRIB_CODENAME=xenial
DISTRIB_DESCRIPTION="Ubuntu 16.04.1 LTS"

uname:Linux 4.4.0-38-generic #57-Ubuntu SMP Tue Sep 6 15:42:33 UTC 2016 x86_64
libc:glibc 2.23 NPTL 2.23 
rlimit: STACK 8192k, CORE 0k, NPROC 23304, NOFILE 65536, AS infinity
load average:8.51 4.92 2.95

/proc/meminfo:
MemTotal:        6004576 kB
MemFree:          125704 kB
MemAvailable:      29040 kB
Buffers:            1500 kB
Cached:           634580 kB
SwapCached:        14132 kB
Active:          3772072 kB
Inactive:        1048804 kB
Active(anon):    3760748 kB
Inactive(anon):  1036768 kB
Active(file):      11324 kB
Inactive(file):    12036 kB
Unevictable:          88 kB
Mlocked:              88 kB
SwapTotal:        999420 kB
SwapFree:              0 kB
Dirty:               992 kB
Writeback:             0 kB
AnonPages:       4171772 kB
Mapped:          1081232 kB
Shmem:            612028 kB
Slab:              95680 kB
SReclaimable:      43072 kB
SUnreclaim:        52608 kB
KernelStack:       15504 kB
PageTables:        61936 kB
NFS_Unstable:          0 kB
Bounce:                0 kB
WritebackTmp:          0 kB
CommitLimit:     4001708 kB
Committed_AS:   13698860 kB
VmallocTotal:   34359738367 kB
VmallocUsed:           0 kB
VmallocChunk:          0 kB
HardwareCorrupted:     0 kB
AnonHugePages:   1132544 kB
CmaTotal:              0 kB
CmaFree:               0 kB
HugePages_Total:       0
HugePages_Free:        0
HugePages_Rsvd:        0
HugePages_Surp:        0
Hugepagesize:       2048 kB
DirectMap4k:      224000 kB
DirectMap2M:     5961728 kB
DirectMap1G:     1048576 kB


CPU:total 4 (2 cores per cpu, 2 threads per core) family 6 model 69 stepping 1, cmov, cx8, fxsr, mmx, sse, sse2, sse3, ssse3, sse4.1, sse4.2, popcnt, avx, avx2, aes, clmul, erms, lzcnt, ht, tsc, tscinvbit, bmi1, bmi2

/proc/cpuinfo:
processor	: 0
vendor_id	: GenuineIntel
cpu family	: 6
model		: 69
model name	: Intel(R) Core(TM) i7-4510U CPU @ 2.00GHz
stepping	: 1
microcode	: 0x1c
cpu MHz		: 2799.976
cache size	: 4096 KB
physical id	: 0
siblings	: 4
core id		: 0
cpu cores	: 2
apicid		: 0
initial apicid	: 0
fpu		: yes
fpu_exception	: yes
cpuid level	: 13
wp		: yes
flags		: fpu vme de pse tsc msr pae mce cx8 apic sep mtrr pge mca cmov pat pse36 clflush dts acpi mmx fxsr sse sse2 ss ht tm pbe syscall nx pdpe1gb rdtscp lm constant_tsc arch_perfmon pebs bts rep_good nopl xtopology nonstop_tsc aperfmperf eagerfpu pni pclmulqdq dtes64 monitor ds_cpl vmx est tm2 ssse3 sdbg fma cx16 xtpr pdcm pcid sse4_1 sse4_2 movbe popcnt tsc_deadline_timer aes xsave avx f16c rdrand lahf_lm abm epb tpr_shadow vnmi flexpriority ept vpid fsgsbase tsc_adjust bmi1 avx2 smep bmi2 erms invpcid xsaveopt dtherm ida arat pln pts
bugs		:
bogomips	: 5188.31
clflush size	: 64
cache_alignment	: 64
address sizes	: 39 bits physical, 48 bits virtual
power management:

processor	: 1
vendor_id	: GenuineIntel
cpu family	: 6
model		: 69
model name	: Intel(R) Core(TM) i7-4510U CPU @ 2.00GHz
stepping	: 1
microcode	: 0x1c
cpu MHz		: 2799.976
cache size	: 4096 KB
physical id	: 0
siblings	: 4
core id		: 0
cpu cores	: 2
apicid		: 1
initial apicid	: 1
fpu		: yes
fpu_exception	: yes
cpuid level	: 13
wp		: yes
flags		: fpu vme de pse tsc msr pae mce cx8 apic sep mtrr pge mca cmov pat pse36 clflush dts acpi mmx fxsr sse sse2 ss ht tm pbe syscall nx pdpe1gb rdtscp lm constant_tsc arch_perfmon pebs bts rep_good nopl xtopology nonstop_tsc aperfmperf eagerfpu pni pclmulqdq dtes64 monitor ds_cpl vmx est tm2 ssse3 sdbg fma cx16 xtpr pdcm pcid sse4_1 sse4_2 movbe popcnt tsc_deadline_timer aes xsave avx f16c rdrand lahf_lm abm epb tpr_shadow vnmi flexpriority ept vpid fsgsbase tsc_adjust bmi1 avx2 smep bmi2 erms invpcid xsaveopt dtherm ida arat pln pts
bugs		:
bogomips	: 5188.31
clflush size	: 64
cache_alignment	: 64
address sizes	: 39 bits physical, 48 bits virtual
power management:

processor	: 2
vendor_id	: GenuineIntel
cpu family	: 6
model		: 69
model name	: Intel(R) Core(TM) i7-4510U CPU @ 2.00GHz
stepping	: 1
microcode	: 0x1c
cpu MHz		: 2799.976
cache size	: 4096 KB
physical id	: 0
siblings	: 4
core id		: 1
cpu cores	: 2
apicid		: 2
initial apicid	: 2
fpu		: yes
fpu_exception	: yes
cpuid level	: 13
wp		: yes
flags		: fpu vme de pse tsc msr pae mce cx8 apic sep mtrr pge mca cmov pat pse36 clflush dts acpi mmx fxsr sse sse2 ss ht tm pbe syscall nx pdpe1gb rdtscp lm constant_tsc arch_perfmon pebs bts rep_good nopl xtopology nonstop_tsc aperfmperf eagerfpu pni pclmulqdq dtes64 monitor ds_cpl vmx est tm2 ssse3 sdbg fma cx16 xtpr pdcm pcid sse4_1 sse4_2 movbe popcnt tsc_deadline_timer aes xsave avx f16c rdrand lahf_lm abm epb tpr_shadow vnmi flexpriority ept vpid fsgsbase tsc_adjust bmi1 avx2 smep bmi2 erms invpcid xsaveopt dtherm ida arat pln pts
bugs		:
bogomips	: 5188.31
clflush size	: 64
cache_alignment	: 64
address sizes	: 39 bits physical, 48 bits virtual
power management:

processor	: 3
vendor_id	: GenuineIntel
cpu family	: 6
model		: 69
model name	: Intel(R) Core(TM) i7-4510U CPU @ 2.00GHz
stepping	: 1
microcode	: 0x1c
cpu MHz		: 2799.976
cache size	: 4096 KB
physical id	: 0
siblings	: 4
core id		: 1
cpu cores	: 2
apicid		: 3
initial apicid	: 3
fpu		: yes
fpu_exception	: yes
cpuid level	: 13
wp		: yes
flags		: fpu vme de pse tsc msr pae mce cx8 apic sep mtrr pge mca cmov pat pse36 clflush dts acpi mmx fxsr sse sse2 ss ht tm pbe syscall nx pdpe1gb rdtscp lm constant_tsc arch_perfmon pebs bts rep_good nopl xtopology nonstop_tsc aperfmperf eagerfpu pni pclmulqdq dtes64 monitor ds_cpl vmx est tm2 ssse3 sdbg fma cx16 xtpr pdcm pcid sse4_1 sse4_2 movbe popcnt tsc_deadline_timer aes xsave avx f16c rdrand lahf_lm abm epb tpr_shadow vnmi flexpriority ept vpid fsgsbase tsc_adjust bmi1 avx2 smep bmi2 erms invpcid xsaveopt dtherm ida arat pln pts
bugs		:
bogomips	: 5188.31
clflush size	: 64
cache_alignment	: 64
address sizes	: 39 bits physical, 48 bits virtual
power management:



Memory: 4k page, physical 6004576k(125704k free), swap 999420k(0k free)

vm_info: Java HotSpot(TM) 64-Bit Server VM (25.101-b13) for linux-amd64 JRE (1.8.0_101-b13), built on Jun 22 2016 02:59:44 by "java_re" with gcc 4.3.0 20080428 (Red Hat 4.3.0-8)

time: Sun Sep 25 16:19:42 2016
elapsed time: 5 seconds (0d 0h 0m 5s)

