#
# There is insufficient memory for the Java Runtime Environment to continue.
# Native memory allocation (mmap) failed to map 128974848 bytes for committing reserved memory.
# Possible reasons:
#   The system is out of physical RAM or swap space
#   In 32 bit mode, the process size limit was hit
# Possible solutions:
#   Reduce memory load on the system
#   Increase physical memory or swap space
#   Check if swap backing store is full
#   Use 64 bit Java on a 64 bit OS
#   Decrease Java heap size (-Xmx/-Xms)
#   Decrease number of Java threads
#   Decrease Java thread stack sizes (-Xss)
#   Set larger code cache with -XX:ReservedCodeCacheSize=
# This output file may be truncated or incomplete.
#
#  Out of Memory Error (os_linux.cpp:2627), pid=13626, tid=0x00007f13aa9f9700
#
# JRE version: Java(TM) SE Runtime Environment (8.0_101-b13) (build 1.8.0_101-b13)
# Java VM: Java HotSpot(TM) 64-Bit Server VM (25.101-b13 mixed mode linux-amd64 compressed oops)
# Failed to write core dump. Core dumps have been disabled. To enable core dumping, try "ulimit -c unlimited" before starting Java again
#

---------------  T H R E A D  ---------------

Current thread (0x00007f13bc078000):  VMThread [stack: 0x00007f13aa8f9000,0x00007f13aa9fa000] [id=13636]

Stack: [0x00007f13aa8f9000,0x00007f13aa9fa000],  sp=0x00007f13aa9f8020,  free space=1020k
Native frames: (J=compiled Java code, j=interpreted, Vv=VM code, C=native code)
V  [libjvm.so+0xac3f0a]  VMError::report_and_die()+0x2ba
V  [libjvm.so+0x4fbf9b]  report_vm_out_of_memory(char const*, int, unsigned long, VMErrorType, char const*)+0x8b
V  [libjvm.so+0x9222d3]  os::Linux::commit_memory_impl(char*, unsigned long, bool)+0x103
V  [libjvm.so+0x922829]  os::pd_commit_memory(char*, unsigned long, unsigned long, bool)+0x29
V  [libjvm.so+0x91cb2a]  os::commit_memory(char*, unsigned long, unsigned long, bool)+0x2a
V  [libjvm.so+0x991053]  PSVirtualSpace::expand_by(unsigned long)+0x53
V  [libjvm.so+0x992458]  PSYoungGen::resize_generation(unsigned long, unsigned long)+0xf8
V  [libjvm.so+0x9915b2]  PSYoungGen::resize(unsigned long, unsigned long)+0x22
V  [libjvm.so+0x98e88b]  PSScavenge::invoke_no_policy()+0xf3b
V  [libjvm.so+0x98f011]  PSScavenge::invoke()+0x41
V  [libjvm.so+0x945fc0]  ParallelScavengeHeap::failed_mem_allocate(unsigned long)+0x70
V  [libjvm.so+0xac5927]  VM_ParallelGCFailedAllocation::doit()+0x97
V  [libjvm.so+0xacd405]  VM_Operation::evaluate()+0x55
V  [libjvm.so+0xacb7da]  VMThread::evaluate_operation(VM_Operation*)+0xba
V  [libjvm.so+0xacbb5e]  VMThread::loop()+0x1ce
V  [libjvm.so+0xacbfd0]  VMThread::run()+0x70
V  [libjvm.so+0x924698]  java_start(Thread*)+0x108

VM_Operation (0x00007f13c5124260): ParallelGCFailedAllocation, mode: safepoint, requested by thread 0x00007f13bc00a000


---------------  P R O C E S S  ---------------

Java Threads: ( => current thread )
  0x00007f13bc13c800 JavaThread "pool-2-thread-4" [_thread_blocked, id=13682, stack(0x00007f13a94eb000,0x00007f13a95ec000)]
  0x00007f13bc13b000 JavaThread "pool-2-thread-3" [_thread_blocked, id=13680, stack(0x00007f13a95ec000,0x00007f13a96ed000)]
  0x00007f13bc13a000 JavaThread "pool-2-thread-2" [_thread_blocked, id=13679, stack(0x00007f13a96ed000,0x00007f13a97ee000)]
  0x00007f13bc138000 JavaThread "pool-3-thread-1" [_thread_blocked, id=13677, stack(0x00007f13a97ee000,0x00007f13a98ef000)]
  0x00007f13bc136000 JavaThread "pool-2-thread-1" [_thread_blocked, id=13674, stack(0x00007f13a98ef000,0x00007f13a99f0000)]
  0x00007f13bc0c0800 JavaThread "Service Thread" daemon [_thread_blocked, id=13645, stack(0x00007f13a9af1000,0x00007f13a9bf2000)]
  0x00007f13bc0bd800 JavaThread "C1 CompilerThread2" daemon [_thread_blocked, id=13643, stack(0x00007f13a9bf2000,0x00007f13a9cf3000)]
  0x00007f13bc0bb800 JavaThread "C2 CompilerThread1" daemon [_thread_in_native, id=13641, stack(0x00007f13a9cf3000,0x00007f13a9df4000)]
  0x00007f13bc0b8800 JavaThread "C2 CompilerThread0" daemon [_thread_blocked, id=13640, stack(0x00007f13a9df4000,0x00007f13a9ef5000)]
  0x00007f13bc0b7800 JavaThread "Signal Dispatcher" daemon [_thread_blocked, id=13639, stack(0x00007f13a9ef5000,0x00007f13a9ff6000)]
  0x00007f13bc084000 JavaThread "Finalizer" daemon [_thread_blocked, id=13638, stack(0x00007f13aa6f7000,0x00007f13aa7f8000)]
  0x00007f13bc07f800 JavaThread "Reference Handler" daemon [_thread_blocked, id=13637, stack(0x00007f13aa7f8000,0x00007f13aa8f9000)]
  0x00007f13bc00a000 JavaThread "main" [_thread_blocked, id=13629, stack(0x00007f13c5025000,0x00007f13c5126000)]

Other Threads:
=>0x00007f13bc078000 VMThread [stack: 0x00007f13aa8f9000,0x00007f13aa9fa000] [id=13636]
  0x00007f13bc0c3000 WatcherThread [stack: 0x00007f13a99f0000,0x00007f13a9af1000] [id=13648]

VM state:at safepoint (normal execution)

VM Mutex/Monitor currently owned by a thread:  ([mutex/lock_event])
[0x00007f13bc006570] Threads_lock - owner thread: 0x00007f13bc078000
[0x00007f13bc006a70] Heap_lock - owner thread: 0x00007f13bc00a000

Heap:
 PSYoungGen      total 99840K, used 3578K [0x00000000eab00000, 0x00000000f1000000, 0x0000000100000000)
  eden space 96256K, 0% used [0x00000000eab00000,0x00000000eab00000,0x00000000f0900000)
  from space 3584K, 99% used [0x00000000f0900000,0x00000000f0c7ea50,0x00000000f0c80000)
  to   space 3584K, 0% used [0x00000000f0c80000,0x00000000f0c80000,0x00000000f1000000)
 ParOldGen       total 62976K, used 31249K [0x00000000c0000000, 0x00000000c3d80000, 0x00000000eab00000)
  object space 62976K, 49% used [0x00000000c0000000,0x00000000c1e847c8,0x00000000c3d80000)
 Metaspace       used 6052K, capacity 7024K, committed 7296K, reserved 1056768K
  class space    used 598K, capacity 616K, committed 640K, reserved 1048576K

Card table byte_map: [0x00007f13c1bc9000,0x00007f13c1dca000] byte_map_base: 0x00007f13c15c9000

Marking Bits: (ParMarkBitMap*) 0x00007f13c44f2120
 Begin Bits: [0x00007f13ab000000, 0x00007f13ac000000)
 End Bits:   [0x00007f13ac000000, 0x00007f13ad000000)

Polling page: 0x00007f13c5141000

CodeCache: size=245760Kb used=6136Kb max_used=6159Kb free=239623Kb
 bounds [0x00007f13ad000000, 0x00007f13ad610000, 0x00007f13bc000000]
 total_blobs=1782 nmethods=1518 adapters=176
 compilation: enabled

Compilation events (10 events):
Event: 5.200 Thread 0x00007f13bc0bd800 nmethod 1641 0x00007f13ad5fb010 code [0x00007f13ad5fb1e0, 0x00007f13ad5fb578]
Event: 5.200 Thread 0x00007f13bc0bd800 1737       2       com.android.dx.ssa.NormalSsaInsn::isMoveException (20 bytes)
Event: 5.200 Thread 0x00007f13bc0bd800 nmethod 1737 0x00007f13ad5fb850 code [0x00007f13ad5fb9c0, 0x00007f13ad5fbb30]
Event: 5.200 Thread 0x00007f13bc0bd800 1677       2       com.android.dx.ssa.LocalVariableInfo::<init> (78 bytes)
Event: 5.201 Thread 0x00007f13bc0bd800 nmethod 1677 0x00007f13ad5fbc10 code [0x00007f13ad5fbda0, 0x00007f13ad5fc1e8]
Event: 5.201 Thread 0x00007f13bc0bd800 1659       2       com.android.dx.cf.code.Frame::mergeSubroutineLists (90 bytes)
Event: 5.201 Thread 0x00007f13bc0bd800 nmethod 1659 0x00007f13ad5fc3d0 code [0x00007f13ad5fc580, 0x00007f13ad5fc8c8]
Event: 5.201 Thread 0x00007f13bc0bd800 1742       2       com.android.dx.cf.code.Frame::initializeWithParameters (49 bytes)
Event: 5.202 Thread 0x00007f13bc0bd800 nmethod 1742 0x00007f13ad5fcb50 code [0x00007f13ad5fcce0, 0x00007f13ad5fcf88]
Event: 5.202 Thread 0x00007f13bc0bd800 1741       2       com.android.dx.cf.code.Ropper::addSetupBlocks (535 bytes)

GC Heap History (9 events):
Event: 1.068 GC heap before
{Heap before GC invocations=1 (full 0):
 PSYoungGen      total 27648K, used 24064K [0x00000000eab00000, 0x00000000ec980000, 0x0000000100000000)
  eden space 24064K, 100% used [0x00000000eab00000,0x00000000ec280000,0x00000000ec280000)
  from space 3584K, 0% used [0x00000000ec600000,0x00000000ec600000,0x00000000ec980000)
  to   space 3584K, 0% used [0x00000000ec280000,0x00000000ec280000,0x00000000ec600000)
 ParOldGen       total 62976K, used 0K [0x00000000c0000000, 0x00000000c3d80000, 0x00000000eab00000)
  object space 62976K, 0% used [0x00000000c0000000,0x00000000c0000000,0x00000000c3d80000)
 Metaspace       used 5568K, capacity 6704K, committed 6784K, reserved 1056768K
  class space    used 578K, capacity 616K, committed 640K, reserved 1048576K
Event: 1.092 GC heap after
Heap after GC invocations=1 (full 0):
 PSYoungGen      total 27648K, used 3560K [0x00000000eab00000, 0x00000000ee100000, 0x0000000100000000)
  eden space 24064K, 0% used [0x00000000eab00000,0x00000000eab00000,0x00000000ec280000)
  from space 3584K, 99% used [0x00000000ec280000,0x00000000ec5fa098,0x00000000ec600000)
  to   space 3584K, 0% used [0x00000000edd80000,0x00000000edd80000,0x00000000ee100000)
 ParOldGen       total 62976K, used 939K [0x00000000c0000000, 0x00000000c3d80000, 0x00000000eab00000)
  object space 62976K, 1% used [0x00000000c0000000,0x00000000c00eac98,0x00000000c3d80000)
 Metaspace       used 5568K, capacity 6704K, committed 6784K, reserved 1056768K
  class space    used 578K, capacity 616K, committed 640K, reserved 1048576K
}
Event: 1.904 GC heap before
{Heap before GC invocations=2 (full 0):
 PSYoungGen      total 27648K, used 27624K [0x00000000eab00000, 0x00000000ee100000, 0x0000000100000000)
  eden space 24064K, 100% used [0x00000000eab00000,0x00000000ec280000,0x00000000ec280000)
  from space 3584K, 99% used [0x00000000ec280000,0x00000000ec5fa098,0x00000000ec600000)
  to   space 3584K, 0% used [0x00000000edd80000,0x00000000edd80000,0x00000000ee100000)
 ParOldGen       total 62976K, used 939K [0x00000000c0000000, 0x00000000c3d80000, 0x00000000eab00000)
  object space 62976K, 1% used [0x00000000c0000000,0x00000000c00eac98,0x00000000c3d80000)
 Metaspace       used 5705K, capacity 6832K, committed 7040K, reserved 1056768K
  class space    used 579K, capacity 616K, committed 640K, reserved 1048576K
Event: 1.963 GC heap after
Heap after GC invocations=2 (full 0):
 PSYoungGen      total 51712K, used 3564K [0x00000000eab00000, 0x00000000ee100000, 0x0000000100000000)
  eden space 48128K, 0% used [0x00000000eab00000,0x00000000eab00000,0x00000000eda00000)
  from space 3584K, 99% used [0x00000000edd80000,0x00000000ee0fb3b0,0x00000000ee100000)
  to   space 3584K, 0% used [0x00000000eda00000,0x00000000eda00000,0x00000000edd80000)
 ParOldGen       total 62976K, used 3727K [0x00000000c0000000, 0x00000000c3d80000, 0x00000000eab00000)
  object space 62976K, 5% used [0x00000000c0000000,0x00000000c03a3cd8,0x00000000c3d80000)
 Metaspace       used 5705K, capacity 6832K, committed 7040K, reserved 1056768K
  class space    used 579K, capacity 616K, committed 640K, reserved 1048576K
}
Event: 3.142 GC heap before
{Heap before GC invocations=3 (full 0):
 PSYoungGen      total 51712K, used 51692K [0x00000000eab00000, 0x00000000ee100000, 0x0000000100000000)
  eden space 48128K, 100% used [0x00000000eab00000,0x00000000eda00000,0x00000000eda00000)
  from space 3584K, 99% used [0x00000000edd80000,0x00000000ee0fb3b0,0x00000000ee100000)
  to   space 3584K, 0% used [0x00000000eda00000,0x00000000eda00000,0x00000000edd80000)
 ParOldGen       total 62976K, used 3727K [0x00000000c0000000, 0x00000000c3d80000, 0x00000000eab00000)
  object space 62976K, 5% used [0x00000000c0000000,0x00000000c03a3cd8,0x00000000c3d80000)
 Metaspace       used 5810K, capacity 6896K, committed 7040K, reserved 1056768K
  class space    used 579K, capacity 616K, committed 640K, reserved 1048576K
Event: 3.261 GC heap after
Heap after GC invocations=3 (full 0):
 PSYoungGen      total 51712K, used 3572K [0x00000000eab00000, 0x00000000f1000000, 0x0000000100000000)
  eden space 48128K, 0% used [0x00000000eab00000,0x00000000eab00000,0x00000000eda00000)
  from space 3584K, 99% used [0x00000000eda00000,0x00000000edd7d050,0x00000000edd80000)
  to   space 3584K, 0% used [0x00000000f0c80000,0x00000000f0c80000,0x00000000f1000000)
 ParOldGen       total 62976K, used 10660K [0x00000000c0000000, 0x00000000c3d80000, 0x00000000eab00000)
  object space 62976K, 16% used [0x00000000c0000000,0x00000000c0a69248,0x00000000c3d80000)
 Metaspace       used 5810K, capacity 6896K, committed 7040K, reserved 1056768K
  class space    used 579K, capacity 616K, committed 640K, reserved 1048576K
}
Event: 3.927 GC heap before
{Heap before GC invocations=4 (full 0):
 PSYoungGen      total 51712K, used 51700K [0x00000000eab00000, 0x00000000f1000000, 0x0000000100000000)
  eden space 48128K, 100% used [0x00000000eab00000,0x00000000eda00000,0x00000000eda00000)
  from space 3584K, 99% used [0x00000000eda00000,0x00000000edd7d050,0x00000000edd80000)
  to   space 3584K, 0% used [0x00000000f0c80000,0x00000000f0c80000,0x00000000f1000000)
 ParOldGen       total 62976K, used 10660K [0x00000000c0000000, 0x00000000c3d80000, 0x00000000eab00000)
  object space 62976K, 16% used [0x00000000c0000000,0x00000000c0a69248,0x00000000c3d80000)
 Metaspace       used 5832K, capacity 6960K, committed 7040K, reserved 1056768K
  class space    used 580K, capacity 616K, committed 640K, reserved 1048576K
Event: 4.010 GC heap after
Heap after GC invocations=4 (full 0):
 PSYoungGen      total 99840K, used 3568K [0x00000000eab00000, 0x00000000f1000000, 0x0000000100000000)
  eden space 96256K, 0% used [0x00000000eab00000,0x00000000eab00000,0x00000000f0900000)
  from space 3584K, 99% used [0x00000000f0c80000,0x00000000f0ffc250,0x00000000f1000000)
  to   space 3584K, 0% used [0x00000000f0900000,0x00000000f0900000,0x00000000f0c80000)
 ParOldGen       total 62976K, used 18237K [0x00000000c0000000, 0x00000000c3d80000, 0x00000000eab00000)
  object space 62976K, 28% used [0x00000000c0000000,0x00000000c11cf488,0x00000000c3d80000)
 Metaspace       used 5832K, capacity 6960K, committed 7040K, reserved 1056768K
  class space    used 580K, capacity 616K, committed 640K, reserved 1048576K
}
Event: 5.252 GC heap before
{Heap before GC invocations=5 (full 0):
 PSYoungGen      total 99840K, used 99824K [0x00000000eab00000, 0x00000000f1000000, 0x0000000100000000)
  eden space 96256K, 100% used [0x00000000eab00000,0x00000000f0900000,0x00000000f0900000)
  from space 3584K, 99% used [0x00000000f0c80000,0x00000000f0ffc250,0x00000000f1000000)
  to   space 3584K, 0% used [0x00000000f0900000,0x00000000f0900000,0x00000000f0c80000)
 ParOldGen       total 62976K, used 18237K [0x00000000c0000000, 0x00000000c3d80000, 0x00000000eab00000)
  object space 62976K, 28% used [0x00000000c0000000,0x00000000c11cf488,0x00000000c3d80000)
 Metaspace       used 6052K, capacity 7024K, committed 7296K, reserved 1056768K
  class space    used 598K, capacity 616K, committed 640K, reserved 1048576K

Deoptimization events (10 events):
Event: 2.547 Thread 0x00007f13bc00a000 Uncommon trap: reason=unstable_if action=reinterpret pc=0x00007f13ad222ae8 method=java.lang.String.<init>([CII)V @ 18
Event: 2.666 Thread 0x00007f13bc00a000 Uncommon trap: reason=unstable_if action=reinterpret pc=0x00007f13ad2071e8 method=java.lang.String.<init>([CII)V @ 18
Event: 2.747 Thread 0x00007f13bc13a000 Uncommon trap: reason=bimorphic action=maybe_recompile pc=0x00007f13ad395048 method=java.util.HashMap.putVal(ILjava/lang/Object;Ljava/lang/Object;ZZ)Ljava/lang/Object; @ 203
Event: 3.340 Thread 0x00007f13bc136000 Uncommon trap: reason=unstable_if action=reinterpret pc=0x00007f13ad37e3c4 method=com.android.dx.util.IntList.binarysearch(I)I @ 105
Event: 3.536 Thread 0x00007f13bc136000 Uncommon trap: reason=unstable_if action=reinterpret pc=0x00007f13ad346fbc method=com.android.dx.ssa.SsaMethod.updateOneDefinition(Lcom/android/dx/ssa/SsaInsn;Lcom/android/dx/rop/code/RegisterSpec;)V @ 4
Event: 3.542 Thread 0x00007f13bc13a000 Uncommon trap: reason=unstable_if action=reinterpret pc=0x00007f13ad477e40 method=com.android.dx.ssa.SCCP.simulateStmt(Lcom/android/dx/ssa/SsaInsn;)V @ 53
Event: 4.378 Thread 0x00007f13bc00a000 Uncommon trap: reason=bimorphic action=maybe_recompile pc=0x00007f13ad395048 method=java.util.HashMap.putVal(ILjava/lang/Object;Ljava/lang/Object;ZZ)Ljava/lang/Object; @ 203
Event: 4.378 Thread 0x00007f13bc00a000 Uncommon trap: reason=bimorphic action=maybe_recompile pc=0x00007f13ad395048 method=java.util.HashMap.putVal(ILjava/lang/Object;Ljava/lang/Object;ZZ)Ljava/lang/Object; @ 203
Event: 4.436 Thread 0x00007f13bc00a000 Uncommon trap: reason=unstable_if action=reinterpret pc=0x00007f13ad2867cc method=java.util.HashMap.putVal(ILjava/lang/Object;Ljava/lang/Object;ZZ)Ljava/lang/Object; @ 162
Event: 4.754 Thread 0x00007f13bc13a000 Uncommon trap: reason=unstable_if action=reinterpret pc=0x00007f13ad394ae4 method=java.util.HashMap.putVal(ILjava/lang/Object;Ljava/lang/Object;ZZ)Ljava/lang/Object; @ 162

Internal exceptions (6 events):
Event: 0.067 Thread 0x00007f13bc00a000 Exception <a 'java/lang/NoSuchMethodError': Method sun.misc.Unsafe.defineClass(Ljava/lang/String;[BII)Ljava/lang/Class; name or signature does not match> (0x00000000eab07cc0) thrown at [/HUDSON3/workspace/8-2-build-linux-amd64/jdk8u101/7261/hotspot/src/sh
Event: 0.068 Thread 0x00007f13bc00a000 Exception <a 'java/lang/NoSuchMethodError': Method sun.misc.Unsafe.prefetchRead(Ljava/lang/Object;J)V name or signature does not match> (0x00000000eab07fa8) thrown at [/HUDSON3/workspace/8-2-build-linux-amd64/jdk8u101/7261/hotspot/src/share/vm/prims/jni.c
Event: 2.428 Thread 0x00007f13bc13c800 Implicit null exception at 0x00007f13ad2d2992 to 0x00007f13ad2d4d71
Event: 4.452 Thread 0x00007f13bc00a000 Exception <a 'java/lang/ArrayIndexOutOfBoundsException': 18> (0x00000000ece22750) thrown at [/HUDSON3/workspace/8-2-build-linux-amd64/jdk8u101/7261/hotspot/src/share/vm/interpreter/interpreterRuntime.cpp, line 366]
Event: 4.453 Thread 0x00007f13bc00a000 Exception <a 'java/lang/ArrayIndexOutOfBoundsException': 145> (0x00000000ece242d0) thrown at [/HUDSON3/workspace/8-2-build-linux-amd64/jdk8u101/7261/hotspot/src/share/vm/interpreter/interpreterRuntime.cpp, line 366]
Event: 4.453 Thread 0x00007f13bc00a000 Exception <a 'java/lang/ArrayIndexOutOfBoundsException': 40> (0x00000000ece255b8) thrown at [/HUDSON3/workspace/8-2-build-linux-amd64/jdk8u101/7261/hotspot/src/share/vm/interpreter/interpreterRuntime.cpp, line 366]

Events (10 events):
Event: 5.183 Thread 0x00007f13bc13b000 DEOPT UNPACKING pc=0x00007f13ad047633 sp=0x00007f13a96eade8 mode 0
Event: 5.188 Thread 0x00007f13bc13c800 DEOPT PACKING pc=0x00007f13ad21a939 sp=0x00007f13a95e9fd0
Event: 5.188 Thread 0x00007f13bc13c800 DEOPT UNPACKING pc=0x00007f13ad047633 sp=0x00007f13a95e9d20 mode 0
Event: 5.209 Thread 0x00007f13bc13a000 DEOPT PACKING pc=0x00007f13ad2f2919 sp=0x00007f13a97ebe00
Event: 5.209 Thread 0x00007f13bc13a000 DEOPT UNPACKING pc=0x00007f13ad047633 sp=0x00007f13a97ebb38 mode 0
Event: 5.249 Thread 0x00007f13bc13a000 DEOPT PACKING pc=0x00007f13ad296fa8 sp=0x00007f13a97eb2d0
Event: 5.249 Thread 0x00007f13bc13a000 DEOPT UNPACKING pc=0x00007f13ad047633 sp=0x00007f13a97eb010 mode 0
Event: 5.249 Thread 0x00007f13bc13a000 DEOPT PACKING pc=0x00007f13ad2baead sp=0x00007f13a97ebb80
Event: 5.249 Thread 0x00007f13bc13a000 DEOPT UNPACKING pc=0x00007f13ad047633 sp=0x00007f13a97eb908 mode 0
Event: 5.251 Executing VM operation: ParallelGCFailedAllocation


Dynamic libraries:
00400000-00401000 r-xp 00000000 08:02 667896                             /usr/lib/jvm/java-8-oracle/bin/java
00600000-00601000 rw-p 00000000 08:02 667896                             /usr/lib/jvm/java-8-oracle/bin/java
0248c000-024ad000 rw-p 00000000 00:00 0                                  [heap]
c0000000-c3d80000 rw-p 00000000 00:00 0 
c3d80000-eab00000 ---p 00000000 00:00 0 
eab00000-f1000000 rw-p 00000000 00:00 0 
f8b00000-100000000 ---p 00000000 00:00 0 
100000000-1000a0000 rw-p 00000000 00:00 0 
1000a0000-140000000 ---p 00000000 00:00 0 
7f135c000000-7f135c029000 rw-p 00000000 00:00 0 
7f135c029000-7f1360000000 ---p 00000000 00:00 0 
7f1364000000-7f1364032000 rw-p 00000000 00:00 0 
7f1364032000-7f1368000000 ---p 00000000 00:00 0 
7f1368000000-7f1368040000 rw-p 00000000 00:00 0 
7f1368040000-7f136c000000 ---p 00000000 00:00 0 
7f136c000000-7f136c041000 rw-p 00000000 00:00 0 
7f136c041000-7f1370000000 ---p 00000000 00:00 0 
7f1370000000-7f1370021000 rw-p 00000000 00:00 0 
7f1370021000-7f1374000000 ---p 00000000 00:00 0 
7f1374000000-7f1374021000 rw-p 00000000 00:00 0 
7f1374021000-7f1378000000 ---p 00000000 00:00 0 
7f1378000000-7f1378021000 rw-p 00000000 00:00 0 
7f1378021000-7f137c000000 ---p 00000000 00:00 0 
7f137c000000-7f137ca58000 rw-p 00000000 00:00 0 
7f137ca58000-7f1380000000 ---p 00000000 00:00 0 
7f1380000000-7f138088e000 rw-p 00000000 00:00 0 
7f138088e000-7f1384000000 ---p 00000000 00:00 0 
7f1384000000-7f1384021000 rw-p 00000000 00:00 0 
7f1384021000-7f1388000000 ---p 00000000 00:00 0 
7f1388000000-7f13888a8000 rw-p 00000000 00:00 0 
7f13888a8000-7f138c000000 ---p 00000000 00:00 0 
7f138c000000-7f138c021000 rw-p 00000000 00:00 0 
7f138c021000-7f1390000000 ---p 00000000 00:00 0 
7f1390000000-7f1390021000 rw-p 00000000 00:00 0 
7f1390021000-7f1394000000 ---p 00000000 00:00 0 
7f1394000000-7f1394021000 rw-p 00000000 00:00 0 
7f1394021000-7f1398000000 ---p 00000000 00:00 0 
7f1398000000-7f139828e000 rw-p 00000000 00:00 0 
7f139828e000-7f139c000000 ---p 00000000 00:00 0 
7f139c000000-7f139c021000 rw-p 00000000 00:00 0 
7f139c021000-7f13a0000000 ---p 00000000 00:00 0 
7f13a0000000-7f13a0021000 rw-p 00000000 00:00 0 
7f13a0021000-7f13a4000000 ---p 00000000 00:00 0 
7f13a4000000-7f13a4021000 rw-p 00000000 00:00 0 
7f13a4021000-7f13a8000000 ---p 00000000 00:00 0 
7f13a94eb000-7f13a94ee000 ---p 00000000 00:00 0 
7f13a94ee000-7f13a95ec000 rw-p 00000000 00:00 0 
7f13a95ec000-7f13a95ef000 ---p 00000000 00:00 0 
7f13a95ef000-7f13a96ed000 rw-p 00000000 00:00 0 
7f13a96ed000-7f13a96f0000 ---p 00000000 00:00 0 
7f13a96f0000-7f13a97ee000 rw-p 00000000 00:00 0 
7f13a97ee000-7f13a97f1000 ---p 00000000 00:00 0 
7f13a97f1000-7f13a98ef000 rw-p 00000000 00:00 0 
7f13a98ef000-7f13a98f2000 ---p 00000000 00:00 0 
7f13a98f2000-7f13a99f0000 rw-p 00000000 00:00 0 
7f13a99f0000-7f13a99f1000 ---p 00000000 00:00 0 
7f13a99f1000-7f13a9af1000 rw-p 00000000 00:00 0 
7f13a9af1000-7f13a9af4000 ---p 00000000 00:00 0 
7f13a9af4000-7f13a9bf2000 rw-p 00000000 00:00 0 
7f13a9bf2000-7f13a9bf5000 ---p 00000000 00:00 0 
7f13a9bf5000-7f13a9cf3000 rw-p 00000000 00:00 0 
7f13a9cf3000-7f13a9cf6000 ---p 00000000 00:00 0 
7f13a9cf6000-7f13a9df4000 rw-p 00000000 00:00 0 
7f13a9df4000-7f13a9df7000 ---p 00000000 00:00 0 
7f13a9df7000-7f13a9ef5000 rw-p 00000000 00:00 0 
7f13a9ef5000-7f13a9ef8000 ---p 00000000 00:00 0 
7f13a9ef8000-7f13a9ff6000 rw-p 00000000 00:00 0 
7f13a9ff6000-7f13aa6f7000 r--p 00000000 08:02 270613                     /usr/lib/locale/locale-archive
7f13aa6f7000-7f13aa6fa000 ---p 00000000 00:00 0 
7f13aa6fa000-7f13aa7f8000 rw-p 00000000 00:00 0 
7f13aa7f8000-7f13aa7fb000 ---p 00000000 00:00 0 
7f13aa7fb000-7f13aa8f9000 rw-p 00000000 00:00 0 
7f13aa8f9000-7f13aa8fa000 ---p 00000000 00:00 0 
7f13aa8fa000-7f13ad000000 rw-p 00000000 00:00 0 
7f13ad000000-7f13ad610000 rwxp 00000000 00:00 0 
7f13ad610000-7f13bc000000 ---p 00000000 00:00 0 
7f13bc000000-7f13bc392000 rw-p 00000000 00:00 0 
7f13bc392000-7f13c0000000 ---p 00000000 00:00 0 
7f13c005a000-7f13c0065000 r--s 00097000 08:04 11535015                   /home/hatem/old_ubuntu/learning_Android/MovieApp/app/build/intermediates/exploded-aar/com.android.support/appcompat-v7/24.2.1/jars/classes.jar
7f13c0065000-7f13c0a20000 rw-p 00000000 00:00 0 
7f13c0a20000-7f13c0bf9000 r--s 03d29000 08:02 795097                     /usr/lib/jvm/java-8-oracle/jre/lib/rt.jar
7f13c0bf9000-7f13c12ef000 rw-p 00000000 00:00 0 
7f13c12ef000-7f13c146f000 ---p 00000000 00:00 0 
7f13c146f000-7f13c166f000 rw-p 00000000 00:00 0 
7f13c166f000-7f13c1670000 ---p 00000000 00:00 0 
7f13c1670000-7f13c1770000 rw-p 00000000 00:00 0 
7f13c1770000-7f13c1771000 ---p 00000000 00:00 0 
7f13c1771000-7f13c1871000 rw-p 00000000 00:00 0 
7f13c1871000-7f13c1872000 ---p 00000000 00:00 0 
7f13c1872000-7f13c1972000 rw-p 00000000 00:00 0 
7f13c1972000-7f13c1973000 ---p 00000000 00:00 0 
7f13c1973000-7f13c1a92000 rw-p 00000000 00:00 0 
7f13c1a92000-7f13c1bc9000 ---p 00000000 00:00 0 
7f13c1bc9000-7f13c1be8000 rw-p 00000000 00:00 0 
7f13c1be8000-7f13c1d1e000 ---p 00000000 00:00 0 
7f13c1d1e000-7f13c1d51000 rw-p 00000000 00:00 0 
7f13c1d51000-7f13c1dc9000 ---p 00000000 00:00 0 
7f13c1dc9000-7f13c1de3000 rw-p 00000000 00:00 0 
7f13c1de3000-7f13c218a000 ---p 00000000 00:00 0 
7f13c218a000-7f13c21a4000 r-xp 00000000 08:02 3017401                    /usr/lib/jvm/java-8-oracle/jre/lib/amd64/libzip.so
7f13c21a4000-7f13c23a4000 ---p 0001a000 08:02 3017401                    /usr/lib/jvm/java-8-oracle/jre/lib/amd64/libzip.so
7f13c23a4000-7f13c23a5000 rw-p 0001a000 08:02 3017401                    /usr/lib/jvm/java-8-oracle/jre/lib/amd64/libzip.so
7f13c23a5000-7f13c23b0000 r-xp 00000000 08:02 2364009                    /lib/x86_64-linux-gnu/libnss_files-2.23.so
7f13c23b0000-7f13c25af000 ---p 0000b000 08:02 2364009                    /lib/x86_64-linux-gnu/libnss_files-2.23.so
7f13c25af000-7f13c25b0000 r--p 0000a000 08:02 2364009                    /lib/x86_64-linux-gnu/libnss_files-2.23.so
7f13c25b0000-7f13c25b1000 rw-p 0000b000 08:02 2364009                    /lib/x86_64-linux-gnu/libnss_files-2.23.so
7f13c25b1000-7f13c25b7000 rw-p 00000000 00:00 0 
7f13c25b7000-7f13c25c2000 r-xp 00000000 08:02 2364020                    /lib/x86_64-linux-gnu/libnss_nis-2.23.so
7f13c25c2000-7f13c27c1000 ---p 0000b000 08:02 2364020                    /lib/x86_64-linux-gnu/libnss_nis-2.23.so
7f13c27c1000-7f13c27c2000 r--p 0000a000 08:02 2364020                    /lib/x86_64-linux-gnu/libnss_nis-2.23.so
7f13c27c2000-7f13c27c3000 rw-p 0000b000 08:02 2364020                    /lib/x86_64-linux-gnu/libnss_nis-2.23.so
7f13c27c3000-7f13c27d9000 r-xp 00000000 08:02 2364003                    /lib/x86_64-linux-gnu/libnsl-2.23.so
7f13c27d9000-7f13c29d8000 ---p 00016000 08:02 2364003                    /lib/x86_64-linux-gnu/libnsl-2.23.so
7f13c29d8000-7f13c29d9000 r--p 00015000 08:02 2364003                    /lib/x86_64-linux-gnu/libnsl-2.23.so
7f13c29d9000-7f13c29da000 rw-p 00016000 08:02 2364003                    /lib/x86_64-linux-gnu/libnsl-2.23.so
7f13c29da000-7f13c29dc000 rw-p 00000000 00:00 0 
7f13c29dc000-7f13c29e4000 r-xp 00000000 08:02 2364005                    /lib/x86_64-linux-gnu/libnss_compat-2.23.so
7f13c29e4000-7f13c2be3000 ---p 00008000 08:02 2364005                    /lib/x86_64-linux-gnu/libnss_compat-2.23.so
7f13c2be3000-7f13c2be4000 r--p 00007000 08:02 2364005                    /lib/x86_64-linux-gnu/libnss_compat-2.23.so
7f13c2be4000-7f13c2be5000 rw-p 00008000 08:02 2364005                    /lib/x86_64-linux-gnu/libnss_compat-2.23.so
7f13c2be5000-7f13c2c0f000 r-xp 00000000 08:02 3017425                    /usr/lib/jvm/java-8-oracle/jre/lib/amd64/libjava.so
7f13c2c0f000-7f13c2e0f000 ---p 0002a000 08:02 3017425                    /usr/lib/jvm/java-8-oracle/jre/lib/amd64/libjava.so
7f13c2e0f000-7f13c2e11000 rw-p 0002a000 08:02 3017425                    /usr/lib/jvm/java-8-oracle/jre/lib/amd64/libjava.so
7f13c2e11000-7f13c2e1e000 r-xp 00000000 08:02 3017381                    /usr/lib/jvm/java-8-oracle/jre/lib/amd64/libverify.so
7f13c2e1e000-7f13c301e000 ---p 0000d000 08:02 3017381                    /usr/lib/jvm/java-8-oracle/jre/lib/amd64/libverify.so
7f13c301e000-7f13c3020000 rw-p 0000d000 08:02 3017381                    /usr/lib/jvm/java-8-oracle/jre/lib/amd64/libverify.so
7f13c3020000-7f13c3027000 r-xp 00000000 08:02 2364065                    /lib/x86_64-linux-gnu/librt-2.23.so
7f13c3027000-7f13c3226000 ---p 00007000 08:02 2364065                    /lib/x86_64-linux-gnu/librt-2.23.so
7f13c3226000-7f13c3227000 r--p 00006000 08:02 2364065                    /lib/x86_64-linux-gnu/librt-2.23.so
7f13c3227000-7f13c3228000 rw-p 00007000 08:02 2364065                    /lib/x86_64-linux-gnu/librt-2.23.so
7f13c3228000-7f13c3330000 r-xp 00000000 08:02 2363982                    /lib/x86_64-linux-gnu/libm-2.23.so
7f13c3330000-7f13c352f000 ---p 00108000 08:02 2363982                    /lib/x86_64-linux-gnu/libm-2.23.so
7f13c352f000-7f13c3530000 r--p 00107000 08:02 2363982                    /lib/x86_64-linux-gnu/libm-2.23.so
7f13c3530000-7f13c3531000 rw-p 00108000 08:02 2363982                    /lib/x86_64-linux-gnu/libm-2.23.so
7f13c3531000-7f13c41fc000 r-xp 00000000 08:02 3146955                    /usr/lib/jvm/java-8-oracle/jre/lib/amd64/server/libjvm.so
7f13c41fc000-7f13c43fb000 ---p 00ccb000 08:02 3146955                    /usr/lib/jvm/java-8-oracle/jre/lib/amd64/server/libjvm.so
7f13c43fb000-7f13c44d4000 rw-p 00cca000 08:02 3146955                    /usr/lib/jvm/java-8-oracle/jre/lib/amd64/server/libjvm.so
7f13c44d4000-7f13c451f000 rw-p 00000000 00:00 0 
7f13c451f000-7f13c46df000 r-xp 00000000 08:02 2363914                    /lib/x86_64-linux-gnu/libc-2.23.so
7f13c46df000-7f13c48de000 ---p 001c0000 08:02 2363914                    /lib/x86_64-linux-gnu/libc-2.23.so
7f13c48de000-7f13c48e2000 r--p 001bf000 08:02 2363914                    /lib/x86_64-linux-gnu/libc-2.23.so
7f13c48e2000-7f13c48e4000 rw-p 001c3000 08:02 2363914                    /lib/x86_64-linux-gnu/libc-2.23.so
7f13c48e4000-7f13c48e8000 rw-p 00000000 00:00 0 
7f13c48e8000-7f13c48eb000 r-xp 00000000 08:02 2363936                    /lib/x86_64-linux-gnu/libdl-2.23.so
7f13c48eb000-7f13c4aea000 ---p 00003000 08:02 2363936                    /lib/x86_64-linux-gnu/libdl-2.23.so
7f13c4aea000-7f13c4aeb000 r--p 00002000 08:02 2363936                    /lib/x86_64-linux-gnu/libdl-2.23.so
7f13c4aeb000-7f13c4aec000 rw-p 00003000 08:02 2363936                    /lib/x86_64-linux-gnu/libdl-2.23.so
7f13c4aec000-7f13c4b01000 r-xp 00000000 08:02 1586632                    /usr/lib/jvm/java-8-oracle/lib/amd64/jli/libjli.so
7f13c4b01000-7f13c4d01000 ---p 00015000 08:02 1586632                    /usr/lib/jvm/java-8-oracle/lib/amd64/jli/libjli.so
7f13c4d01000-7f13c4d02000 rw-p 00015000 08:02 1586632                    /usr/lib/jvm/java-8-oracle/lib/amd64/jli/libjli.so
7f13c4d02000-7f13c4d1a000 r-xp 00000000 08:02 2364057                    /lib/x86_64-linux-gnu/libpthread-2.23.so
7f13c4d1a000-7f13c4f19000 ---p 00018000 08:02 2364057                    /lib/x86_64-linux-gnu/libpthread-2.23.so
7f13c4f19000-7f13c4f1a000 r--p 00017000 08:02 2364057                    /lib/x86_64-linux-gnu/libpthread-2.23.so
7f13c4f1a000-7f13c4f1b000 rw-p 00018000 08:02 2364057                    /lib/x86_64-linux-gnu/libpthread-2.23.so
7f13c4f1b000-7f13c4f1f000 rw-p 00000000 00:00 0 
7f13c4f1f000-7f13c4f45000 r-xp 00000000 08:02 2363886                    /lib/x86_64-linux-gnu/ld-2.23.so
7f13c4f4c000-7f13c5025000 rw-p 00000000 00:00 0 
7f13c5025000-7f13c5028000 ---p 00000000 00:00 0 
7f13c5028000-7f13c512a000 rw-p 00000000 00:00 0 
7f13c512a000-7f13c5138000 r--s 000e0000 08:04 8782666                    /home/hatem/old_ubuntu/Android/Sdk/build-tools/24.0.1/lib/dx.jar
7f13c5138000-7f13c5140000 rw-s 00000000 08:02 3675883                    /tmp/hsperfdata_hatem/13626
7f13c5140000-7f13c5141000 rw-p 00000000 00:00 0 
7f13c5141000-7f13c5142000 ---p 00000000 00:00 0 
7f13c5142000-7f13c5144000 rw-p 00000000 00:00 0 
7f13c5144000-7f13c5145000 r--p 00025000 08:02 2363886                    /lib/x86_64-linux-gnu/ld-2.23.so
7f13c5145000-7f13c5146000 rw-p 00026000 08:02 2363886                    /lib/x86_64-linux-gnu/ld-2.23.so
7f13c5146000-7f13c5147000 rw-p 00000000 00:00 0 
7fff9e8d7000-7fff9e8f8000 rw-p 00000000 00:00 0                          [stack]
7fff9e9db000-7fff9e9dd000 r--p 00000000 00:00 0                          [vvar]
7fff9e9dd000-7fff9e9df000 r-xp 00000000 00:00 0                          [vdso]
ffffffffff600000-ffffffffff601000 r-xp 00000000 00:00 0                  [vsyscall]

VM Arguments:
jvm_args: -Djava.awt.headless=true -Xmx1024M -Dfile.encoding=UTF-8 -Duser.country=US -Duser.language=en -Duser.variant 
java_command: com.android.dx.command.Main --dex --force-jumbo --num-threads=4 --multi-dex --output /home/hatem/old_ubuntu/learning_Android/MovieApp/app/build/intermediates/transforms/dex/debug/folders/1000/10/com.android.support-appcompat-v7-24.2.1_ef52f187b6dc26cb12fd7fd26ee528798f377f10 /home/hatem/old_ubuntu/learning_Android/MovieApp/app/build/intermediates/exploded-aar/com.android.support/appcompat-v7/24.2.1/jars/classes.jar
java_class_path (initial): /home/hatem/old_ubuntu/Android/Sdk/build-tools/24.0.1/lib/dx.jar
Launcher Type: SUN_STANDARD

Environment Variables:
JAVA_HOME=/usr/lib/jvm/java-8-oracle
PATH=/usr/local/sbin:/usr/local/bin:/usr/sbin:/usr/bin:/sbin:/bin:/usr/games:/usr/local/games:/snap/bin:/usr/lib/jvm/java-8-oracle/bin:/usr/lib/jvm/java-8-oracle/db/bin:/usr/lib/jvm/java-8-oracle/jre/bin
USERNAME=hatem
LD_LIBRARY_PATH=/opt/android-studio/bin:
SHELL=/bin/bash
DISPLAY=:1

Signal Handlers:
SIGSEGV: [libjvm.so+0xac4790], sa_mask[0]=11111111011111111101111111111110, sa_flags=SA_RESTART|SA_SIGINFO
SIGBUS: [libjvm.so+0xac4790], sa_mask[0]=11111111011111111101111111111110, sa_flags=SA_RESTART|SA_SIGINFO
SIGFPE: [libjvm.so+0x91f140], sa_mask[0]=11111111011111111101111111111110, sa_flags=SA_RESTART|SA_SIGINFO
SIGPIPE: [libjvm.so+0x91f140], sa_mask[0]=11111111011111111101111111111110, sa_flags=SA_RESTART|SA_SIGINFO
SIGXFSZ: [libjvm.so+0x91f140], sa_mask[0]=11111111011111111101111111111110, sa_flags=SA_RESTART|SA_SIGINFO
SIGILL: [libjvm.so+0x91f140], sa_mask[0]=11111111011111111101111111111110, sa_flags=SA_RESTART|SA_SIGINFO
SIGUSR1: SIG_DFL, sa_mask[0]=00000000000000000000000000000000, sa_flags=none
SIGUSR2: [libjvm.so+0x920770], sa_mask[0]=00100000000000000000000000000000, sa_flags=SA_RESTART|SA_SIGINFO
SIGHUP: [libjvm.so+0x921b70], sa_mask[0]=11111111011111111101111111111110, sa_flags=SA_RESTART|SA_SIGINFO
SIGINT: [libjvm.so+0x921b70], sa_mask[0]=11111111011111111101111111111110, sa_flags=SA_RESTART|SA_SIGINFO
SIGTERM: [libjvm.so+0x921b70], sa_mask[0]=11111111011111111101111111111110, sa_flags=SA_RESTART|SA_SIGINFO
SIGQUIT: [libjvm.so+0x921b70], sa_mask[0]=11111111011111111101111111111110, sa_flags=SA_RESTART|SA_SIGINFO


---------------  S Y S T E M  ---------------

OS:DISTRIB_ID=Ubuntu
DISTRIB_RELEASE=16.04
DISTRIB_CODENAME=xenial
DISTRIB_DESCRIPTION="Ubuntu 16.04.1 LTS"

uname:Linux 4.4.0-38-generic #57-Ubuntu SMP Tue Sep 6 15:42:33 UTC 2016 x86_64
libc:glibc 2.23 NPTL 2.23 
rlimit: STACK 8192k, CORE 0k, NPROC 23304, NOFILE 65536, AS infinity
load average:10.26 4.52 2.67

/proc/meminfo:
MemTotal:        6004576 kB
MemFree:          127120 kB
MemAvailable:      41856 kB
Buffers:             908 kB
Cached:           672836 kB
SwapCached:        12976 kB
Active:          3761544 kB
Inactive:        1056476 kB
Active(anon):    3738452 kB
Inactive(anon):  1034416 kB
Active(file):      23092 kB
Inactive(file):    22060 kB
Unevictable:          88 kB
Mlocked:              88 kB
SwapTotal:        999420 kB
SwapFree:              0 kB
Dirty:              5260 kB
Writeback:             0 kB
AnonPages:       4132044 kB
Mapped:          1102104 kB
Shmem:            628052 kB
Slab:              96612 kB
SReclaimable:      44076 kB
SUnreclaim:        52536 kB
KernelStack:       15504 kB
PageTables:        62168 kB
NFS_Unstable:          0 kB
Bounce:                0 kB
WritebackTmp:          0 kB
CommitLimit:     4001708 kB
Committed_AS:   13672072 kB
VmallocTotal:   34359738367 kB
VmallocUsed:           0 kB
VmallocChunk:          0 kB
HardwareCorrupted:     0 kB
AnonHugePages:   1185792 kB
CmaTotal:              0 kB
CmaFree:               0 kB
HugePages_Total:       0
HugePages_Free:        0
HugePages_Rsvd:        0
HugePages_Surp:        0
Hugepagesize:       2048 kB
DirectMap4k:      224000 kB
DirectMap2M:     5961728 kB
DirectMap1G:     1048576 kB


CPU:total 4 (2 cores per cpu, 2 threads per core) family 6 model 69 stepping 1, cmov, cx8, fxsr, mmx, sse, sse2, sse3, ssse3, sse4.1, sse4.2, popcnt, avx, avx2, aes, clmul, erms, lzcnt, ht, tsc, tscinvbit, bmi1, bmi2

/proc/cpuinfo:
processor	: 0
vendor_id	: GenuineIntel
cpu family	: 6
model		: 69
model name	: Intel(R) Core(TM) i7-4510U CPU @ 2.00GHz
stepping	: 1
microcode	: 0x1c
cpu MHz		: 2799.976
cache size	: 4096 KB
physical id	: 0
siblings	: 4
core id		: 0
cpu cores	: 2
apicid		: 0
initial apicid	: 0
fpu		: yes
fpu_exception	: yes
cpuid level	: 13
wp		: yes
flags		: fpu vme de pse tsc msr pae mce cx8 apic sep mtrr pge mca cmov pat pse36 clflush dts acpi mmx fxsr sse sse2 ss ht tm pbe syscall nx pdpe1gb rdtscp lm constant_tsc arch_perfmon pebs bts rep_good nopl xtopology nonstop_tsc aperfmperf eagerfpu pni pclmulqdq dtes64 monitor ds_cpl vmx est tm2 ssse3 sdbg fma cx16 xtpr pdcm pcid sse4_1 sse4_2 movbe popcnt tsc_deadline_timer aes xsave avx f16c rdrand lahf_lm abm epb tpr_shadow vnmi flexpriority ept vpid fsgsbase tsc_adjust bmi1 avx2 smep bmi2 erms invpcid xsaveopt dtherm ida arat pln pts
bugs		:
bogomips	: 5188.31
clflush size	: 64
cache_alignment	: 64
address sizes	: 39 bits physical, 48 bits virtual
power management:

processor	: 1
vendor_id	: GenuineIntel
cpu family	: 6
model		: 69
model name	: Intel(R) Core(TM) i7-4510U CPU @ 2.00GHz
stepping	: 1
microcode	: 0x1c
cpu MHz		: 2799.976
cache size	: 4096 KB
physical id	: 0
siblings	: 4
core id		: 0
cpu cores	: 2
apicid		: 1
initial apicid	: 1
fpu		: yes
fpu_exception	: yes
cpuid level	: 13
wp		: yes
flags		: fpu vme de pse tsc msr pae mce cx8 apic sep mtrr pge mca cmov pat pse36 clflush dts acpi mmx fxsr sse sse2 ss ht tm pbe syscall nx pdpe1gb rdtscp lm constant_tsc arch_perfmon pebs bts rep_good nopl xtopology nonstop_tsc aperfmperf eagerfpu pni pclmulqdq dtes64 monitor ds_cpl vmx est tm2 ssse3 sdbg fma cx16 xtpr pdcm pcid sse4_1 sse4_2 movbe popcnt tsc_deadline_timer aes xsave avx f16c rdrand lahf_lm abm epb tpr_shadow vnmi flexpriority ept vpid fsgsbase tsc_adjust bmi1 avx2 smep bmi2 erms invpcid xsaveopt dtherm ida arat pln pts
bugs		:
bogomips	: 5188.31
clflush size	: 64
cache_alignment	: 64
address sizes	: 39 bits physical, 48 bits virtual
power management:

processor	: 2
vendor_id	: GenuineIntel
cpu family	: 6
model		: 69
model name	: Intel(R) Core(TM) i7-4510U CPU @ 2.00GHz
stepping	: 1
microcode	: 0x1c
cpu MHz		: 2799.976
cache size	: 4096 KB
physical id	: 0
siblings	: 4
core id		: 1
cpu cores	: 2
apicid		: 2
initial apicid	: 2
fpu		: yes
fpu_exception	: yes
cpuid level	: 13
wp		: yes
flags		: fpu vme de pse tsc msr pae mce cx8 apic sep mtrr pge mca cmov pat pse36 clflush dts acpi mmx fxsr sse sse2 ss ht tm pbe syscall nx pdpe1gb rdtscp lm constant_tsc arch_perfmon pebs bts rep_good nopl xtopology nonstop_tsc aperfmperf eagerfpu pni pclmulqdq dtes64 monitor ds_cpl vmx est tm2 ssse3 sdbg fma cx16 xtpr pdcm pcid sse4_1 sse4_2 movbe popcnt tsc_deadline_timer aes xsave avx f16c rdrand lahf_lm abm epb tpr_shadow vnmi flexpriority ept vpid fsgsbase tsc_adjust bmi1 avx2 smep bmi2 erms invpcid xsaveopt dtherm ida arat pln pts
bugs		:
bogomips	: 5188.31
clflush size	: 64
cache_alignment	: 64
address sizes	: 39 bits physical, 48 bits virtual
power management:

processor	: 3
vendor_id	: GenuineIntel
cpu family	: 6
model		: 69
model name	: Intel(R) Core(TM) i7-4510U CPU @ 2.00GHz
stepping	: 1
microcode	: 0x1c
cpu MHz		: 2799.976
cache size	: 4096 KB
physical id	: 0
siblings	: 4
core id		: 1
cpu cores	: 2
apicid		: 3
initial apicid	: 3
fpu		: yes
fpu_exception	: yes
cpuid level	: 13
wp		: yes
flags		: fpu vme de pse tsc msr pae mce cx8 apic sep mtrr pge mca cmov pat pse36 clflush dts acpi mmx fxsr sse sse2 ss ht tm pbe syscall nx pdpe1gb rdtscp lm constant_tsc arch_perfmon pebs bts rep_good nopl xtopology nonstop_tsc aperfmperf eagerfpu pni pclmulqdq dtes64 monitor ds_cpl vmx est tm2 ssse3 sdbg fma cx16 xtpr pdcm pcid sse4_1 sse4_2 movbe popcnt tsc_deadline_timer aes xsave avx f16c rdrand lahf_lm abm epb tpr_shadow vnmi flexpriority ept vpid fsgsbase tsc_adjust bmi1 avx2 smep bmi2 erms invpcid xsaveopt dtherm ida arat pln pts
bugs		:
bogomips	: 5188.31
clflush size	: 64
cache_alignment	: 64
address sizes	: 39 bits physical, 48 bits virtual
power management:



Memory: 4k page, physical 6004576k(127120k free), swap 999420k(0k free)

vm_info: Java HotSpot(TM) 64-Bit Server VM (25.101-b13) for linux-amd64 JRE (1.8.0_101-b13), built on Jun 22 2016 02:59:44 by "java_re" with gcc 4.3.0 20080428 (Red Hat 4.3.0-8)

time: Sun Sep 25 16:18:15 2016
elapsed time: 5 seconds (0d 0h 0m 5s)

