#
# There is insufficient memory for the Java Runtime Environment to continue.
# Native memory allocation (mmap) failed to map 128974848 bytes for committing reserved memory.
# Possible reasons:
#   The system is out of physical RAM or swap space
#   In 32 bit mode, the process size limit was hit
# Possible solutions:
#   Reduce memory load on the system
#   Increase physical memory or swap space
#   Check if swap backing store is full
#   Use 64 bit Java on a 64 bit OS
#   Decrease Java heap size (-Xmx/-Xms)
#   Decrease number of Java threads
#   Decrease Java thread stack sizes (-Xss)
#   Set larger code cache with -XX:ReservedCodeCacheSize=
# This output file may be truncated or incomplete.
#
#  Out of Memory Error (os_linux.cpp:2627), pid=12749, tid=0x00007fc61a9f9700
#
# JRE version: Java(TM) SE Runtime Environment (8.0_101-b13) (build 1.8.0_101-b13)
# Java VM: Java HotSpot(TM) 64-Bit Server VM (25.101-b13 mixed mode linux-amd64 compressed oops)
# Failed to write core dump. Core dumps have been disabled. To enable core dumping, try "ulimit -c unlimited" before starting Java again
#

---------------  T H R E A D  ---------------

Current thread (0x00007fc62c078000):  VMThread [stack: 0x00007fc61a8f9000,0x00007fc61a9fa000] [id=12763]

Stack: [0x00007fc61a8f9000,0x00007fc61a9fa000],  sp=0x00007fc61a9f82a0,  free space=1020k
Native frames: (J=compiled Java code, j=interpreted, Vv=VM code, C=native code)
V  [libjvm.so+0xac3f0a]  VMError::report_and_die()+0x2ba
V  [libjvm.so+0x4fbf9b]  report_vm_out_of_memory(char const*, int, unsigned long, VMErrorType, char const*)+0x8b
V  [libjvm.so+0x9222d3]  os::Linux::commit_memory_impl(char*, unsigned long, bool)+0x103
V  [libjvm.so+0x922829]  os::pd_commit_memory(char*, unsigned long, unsigned long, bool)+0x29
V  [libjvm.so+0x91cb2a]  os::commit_memory(char*, unsigned long, unsigned long, bool)+0x2a
V  [libjvm.so+0x991053]  PSVirtualSpace::expand_by(unsigned long)+0x53
V  [libjvm.so+0x992458]  PSYoungGen::resize_generation(unsigned long, unsigned long)+0xf8
V  [libjvm.so+0x9915b2]  PSYoungGen::resize(unsigned long, unsigned long)+0x22
V  [libjvm.so+0x98e88b]  PSScavenge::invoke_no_policy()+0xf3b
V  [libjvm.so+0x98f011]  PSScavenge::invoke()+0x41
V  [libjvm.so+0x945fc0]  ParallelScavengeHeap::failed_mem_allocate(unsigned long)+0x70
V  [libjvm.so+0xac5927]  VM_ParallelGCFailedAllocation::doit()+0x97
V  [libjvm.so+0xacd405]  VM_Operation::evaluate()+0x55
V  [libjvm.so+0xacb7da]  VMThread::evaluate_operation(VM_Operation*)+0xba
V  [libjvm.so+0xacbb5e]  VMThread::loop()+0x1ce
V  [libjvm.so+0xacbfd0]  VMThread::run()+0x70
V  [libjvm.so+0x924698]  java_start(Thread*)+0x108

VM_Operation (0x00007fc6195e99b0): ParallelGCFailedAllocation, mode: safepoint, requested by thread 0x00007fc62c154800


---------------  P R O C E S S  ---------------

Java Threads: ( => current thread )
  0x00007fc62c154800 JavaThread "pool-2-thread-4" [_thread_blocked, id=12823, stack(0x00007fc6194eb000,0x00007fc6195ec000)]
  0x00007fc62c153000 JavaThread "pool-2-thread-3" [_thread_blocked, id=12822, stack(0x00007fc6195ec000,0x00007fc6196ed000)]
  0x00007fc62c152000 JavaThread "pool-2-thread-2" [_thread_blocked, id=12820, stack(0x00007fc6196ed000,0x00007fc6197ee000)]
  0x00007fc62c150000 JavaThread "pool-3-thread-1" [_thread_blocked, id=12819, stack(0x00007fc6197ee000,0x00007fc6198ef000)]
  0x00007fc62c14d800 JavaThread "pool-2-thread-1" [_thread_blocked, id=12816, stack(0x00007fc6198ef000,0x00007fc6199f0000)]
  0x00007fc62c0c0800 JavaThread "Service Thread" daemon [_thread_blocked, id=12773, stack(0x00007fc619af1000,0x00007fc619bf2000)]
  0x00007fc62c0bd800 JavaThread "C1 CompilerThread2" daemon [_thread_blocked, id=12772, stack(0x00007fc619bf2000,0x00007fc619cf3000)]
  0x00007fc62c0bb800 JavaThread "C2 CompilerThread1" daemon [_thread_blocked, id=12771, stack(0x00007fc619cf3000,0x00007fc619df4000)]
  0x00007fc62c0b8800 JavaThread "C2 CompilerThread0" daemon [_thread_blocked, id=12770, stack(0x00007fc619df4000,0x00007fc619ef5000)]
  0x00007fc62c0b7800 JavaThread "Signal Dispatcher" daemon [_thread_blocked, id=12769, stack(0x00007fc619ef5000,0x00007fc619ff6000)]
  0x00007fc62c084000 JavaThread "Finalizer" daemon [_thread_blocked, id=12768, stack(0x00007fc61a6f7000,0x00007fc61a7f8000)]
  0x00007fc62c07f800 JavaThread "Reference Handler" daemon [_thread_blocked, id=12765, stack(0x00007fc61a7f8000,0x00007fc61a8f9000)]
  0x00007fc62c00a000 JavaThread "main" [_thread_blocked, id=12752, stack(0x00007fc635073000,0x00007fc635174000)]

Other Threads:
=>0x00007fc62c078000 VMThread [stack: 0x00007fc61a8f9000,0x00007fc61a9fa000] [id=12763]
  0x00007fc62c0c3800 WatcherThread [stack: 0x00007fc6199f0000,0x00007fc619af1000] [id=12777]

VM state:at safepoint (normal execution)

VM Mutex/Monitor currently owned by a thread:  ([mutex/lock_event])
[0x00007fc62c006570] Threads_lock - owner thread: 0x00007fc62c078000
[0x00007fc62c006a70] Heap_lock - owner thread: 0x00007fc62c154800

Heap:
 PSYoungGen      total 99840K, used 3581K [0x00000000eab00000, 0x00000000f1000000, 0x0000000100000000)
  eden space 96256K, 0% used [0x00000000eab00000,0x00000000eab00000,0x00000000f0900000)
  from space 3584K, 99% used [0x00000000f0900000,0x00000000f0c7f4d0,0x00000000f0c80000)
  to   space 3584K, 0% used [0x00000000f0c80000,0x00000000f0c80000,0x00000000f1000000)
 ParOldGen       total 62976K, used 31551K [0x00000000c0000000, 0x00000000c3d80000, 0x00000000eab00000)
  object space 62976K, 50% used [0x00000000c0000000,0x00000000c1ecffc0,0x00000000c3d80000)
 Metaspace       used 6050K, capacity 7024K, committed 7296K, reserved 1056768K
  class space    used 599K, capacity 616K, committed 640K, reserved 1048576K

Card table byte_map: [0x00007fc631c17000,0x00007fc631e18000] byte_map_base: 0x00007fc631617000

Marking Bits: (ParMarkBitMap*) 0x00007fc634540120
 Begin Bits: [0x00007fc61b000000, 0x00007fc61c000000)
 End Bits:   [0x00007fc61c000000, 0x00007fc61d000000)

Polling page: 0x00007fc63518f000

CodeCache: size=245760Kb used=6257Kb max_used=6257Kb free=239502Kb
 bounds [0x00007fc61d000000, 0x00007fc61d630000, 0x00007fc62c000000]
 total_blobs=1804 nmethods=1542 adapters=176
 compilation: enabled

Compilation events (10 events):
Event: 5.390 Thread 0x00007fc62c0bd800 nmethod 1746 0x00007fc61d5ee010 code [0x00007fc61d5ee180, 0x00007fc61d5ee3f0]
Event: 5.390 Thread 0x00007fc62c0bd800 1658       2       com.android.dx.dex.cf.AttributeTranslator::getMethodAnnotations (37 bytes)
Event: 5.401 Thread 0x00007fc62c0bd800 nmethod 1658 0x00007fc61d61eed0 code [0x00007fc61d61f100, 0x00007fc61d61f758]
Event: 5.401 Thread 0x00007fc62c0bd800 1769       3       com.android.dx.util.FixedSizeList::shrinkToFit (103 bytes)
Event: 5.402 Thread 0x00007fc62c0bd800 nmethod 1769 0x00007fc61d61fd50 code [0x00007fc61d61ff20, 0x00007fc61d6207a8]
Event: 5.402 Thread 0x00007fc62c0bd800 1649       2       com.android.dx.cf.code.OneLocalsArray::set (10 bytes)
Event: 5.402 Thread 0x00007fc62c0bd800 nmethod 1649 0x00007fc61d60b990 code [0x00007fc61d60bb00, 0x00007fc61d60bc68]
Event: 5.402 Thread 0x00007fc62c0bd800 1650       2       com.android.dx.rop.code.RegisterSpec::getFrameType (10 bytes)
Event: 5.402 Thread 0x00007fc62c0bd800 nmethod 1650 0x00007fc61d620b10 code [0x00007fc61d620c80, 0x00007fc61d620e08]
Event: 5.402 Thread 0x00007fc62c0bd800 1732       2       com.android.dx.cf.direct.MethodListParser::set (30 bytes)

GC Heap History (9 events):
Event: 1.564 GC heap before
{Heap before GC invocations=1 (full 0):
 PSYoungGen      total 27648K, used 24064K [0x00000000eab00000, 0x00000000ec980000, 0x0000000100000000)
  eden space 24064K, 100% used [0x00000000eab00000,0x00000000ec280000,0x00000000ec280000)
  from space 3584K, 0% used [0x00000000ec600000,0x00000000ec600000,0x00000000ec980000)
  to   space 3584K, 0% used [0x00000000ec280000,0x00000000ec280000,0x00000000ec600000)
 ParOldGen       total 62976K, used 0K [0x00000000c0000000, 0x00000000c3d80000, 0x00000000eab00000)
  object space 62976K, 0% used [0x00000000c0000000,0x00000000c0000000,0x00000000c3d80000)
 Metaspace       used 5577K, capacity 6704K, committed 6784K, reserved 1056768K
  class space    used 578K, capacity 616K, committed 640K, reserved 1048576K
Event: 1.583 GC heap after
Heap after GC invocations=1 (full 0):
 PSYoungGen      total 27648K, used 3575K [0x00000000eab00000, 0x00000000ee100000, 0x0000000100000000)
  eden space 24064K, 0% used [0x00000000eab00000,0x00000000eab00000,0x00000000ec280000)
  from space 3584K, 99% used [0x00000000ec280000,0x00000000ec5fdc78,0x00000000ec600000)
  to   space 3584K, 0% used [0x00000000edd80000,0x00000000edd80000,0x00000000ee100000)
 ParOldGen       total 62976K, used 1251K [0x00000000c0000000, 0x00000000c3d80000, 0x00000000eab00000)
  object space 62976K, 1% used [0x00000000c0000000,0x00000000c0138fb0,0x00000000c3d80000)
 Metaspace       used 5577K, capacity 6704K, committed 6784K, reserved 1056768K
  class space    used 578K, capacity 616K, committed 640K, reserved 1048576K
}
Event: 2.475 GC heap before
{Heap before GC invocations=2 (full 0):
 PSYoungGen      total 27648K, used 27639K [0x00000000eab00000, 0x00000000ee100000, 0x0000000100000000)
  eden space 24064K, 100% used [0x00000000eab00000,0x00000000ec280000,0x00000000ec280000)
  from space 3584K, 99% used [0x00000000ec280000,0x00000000ec5fdc78,0x00000000ec600000)
  to   space 3584K, 0% used [0x00000000edd80000,0x00000000edd80000,0x00000000ee100000)
 ParOldGen       total 62976K, used 1251K [0x00000000c0000000, 0x00000000c3d80000, 0x00000000eab00000)
  object space 62976K, 1% used [0x00000000c0000000,0x00000000c0138fb0,0x00000000c3d80000)
 Metaspace       used 5703K, capacity 6832K, committed 7040K, reserved 1056768K
  class space    used 579K, capacity 616K, committed 640K, reserved 1048576K
Event: 2.522 GC heap after
Heap after GC invocations=2 (full 0):
 PSYoungGen      total 51712K, used 3554K [0x00000000eab00000, 0x00000000ee100000, 0x0000000100000000)
  eden space 48128K, 0% used [0x00000000eab00000,0x00000000eab00000,0x00000000eda00000)
  from space 3584K, 99% used [0x00000000edd80000,0x00000000ee0f8af8,0x00000000ee100000)
  to   space 3584K, 0% used [0x00000000eda00000,0x00000000eda00000,0x00000000edd80000)
 ParOldGen       total 62976K, used 4055K [0x00000000c0000000, 0x00000000c3d80000, 0x00000000eab00000)
  object space 62976K, 6% used [0x00000000c0000000,0x00000000c03f5c00,0x00000000c3d80000)
 Metaspace       used 5703K, capacity 6832K, committed 7040K, reserved 1056768K
  class space    used 579K, capacity 616K, committed 640K, reserved 1048576K
}
Event: 3.689 GC heap before
{Heap before GC invocations=3 (full 0):
 PSYoungGen      total 51712K, used 51682K [0x00000000eab00000, 0x00000000ee100000, 0x0000000100000000)
  eden space 48128K, 100% used [0x00000000eab00000,0x00000000eda00000,0x00000000eda00000)
  from space 3584K, 99% used [0x00000000edd80000,0x00000000ee0f8af8,0x00000000ee100000)
  to   space 3584K, 0% used [0x00000000eda00000,0x00000000eda00000,0x00000000edd80000)
 ParOldGen       total 62976K, used 4055K [0x00000000c0000000, 0x00000000c3d80000, 0x00000000eab00000)
  object space 62976K, 6% used [0x00000000c0000000,0x00000000c03f5c00,0x00000000c3d80000)
 Metaspace       used 5789K, capacity 6896K, committed 7040K, reserved 1056768K
  class space    used 579K, capacity 616K, committed 640K, reserved 1048576K
Event: 3.789 GC heap after
Heap after GC invocations=3 (full 0):
 PSYoungGen      total 51712K, used 3561K [0x00000000eab00000, 0x00000000f1000000, 0x0000000100000000)
  eden space 48128K, 0% used [0x00000000eab00000,0x00000000eab00000,0x00000000eda00000)
  from space 3584K, 99% used [0x00000000eda00000,0x00000000edd7a6b8,0x00000000edd80000)
  to   space 3584K, 0% used [0x00000000f0c80000,0x00000000f0c80000,0x00000000f1000000)
 ParOldGen       total 62976K, used 11192K [0x00000000c0000000, 0x00000000c3d80000, 0x00000000eab00000)
  object space 62976K, 17% used [0x00000000c0000000,0x00000000c0aee398,0x00000000c3d80000)
 Metaspace       used 5789K, capacity 6896K, committed 7040K, reserved 1056768K
  class space    used 579K, capacity 616K, committed 640K, reserved 1048576K
}
Event: 4.260 GC heap before
{Heap before GC invocations=4 (full 0):
 PSYoungGen      total 51712K, used 51689K [0x00000000eab00000, 0x00000000f1000000, 0x0000000100000000)
  eden space 48128K, 100% used [0x00000000eab00000,0x00000000eda00000,0x00000000eda00000)
  from space 3584K, 99% used [0x00000000eda00000,0x00000000edd7a6b8,0x00000000edd80000)
  to   space 3584K, 0% used [0x00000000f0c80000,0x00000000f0c80000,0x00000000f1000000)
 ParOldGen       total 62976K, used 11192K [0x00000000c0000000, 0x00000000c3d80000, 0x00000000eab00000)
  object space 62976K, 17% used [0x00000000c0000000,0x00000000c0aee398,0x00000000c3d80000)
 Metaspace       used 5834K, capacity 6960K, committed 7040K, reserved 1056768K
  class space    used 580K, capacity 616K, committed 640K, reserved 1048576K
Event: 4.321 GC heap after
Heap after GC invocations=4 (full 0):
 PSYoungGen      total 99840K, used 3568K [0x00000000eab00000, 0x00000000f1000000, 0x0000000100000000)
  eden space 96256K, 0% used [0x00000000eab00000,0x00000000eab00000,0x00000000f0900000)
  from space 3584K, 99% used [0x00000000f0c80000,0x00000000f0ffc250,0x00000000f1000000)
  to   space 3584K, 0% used [0x00000000f0900000,0x00000000f0900000,0x00000000f0c80000)
 ParOldGen       total 62976K, used 18368K [0x00000000c0000000, 0x00000000c3d80000, 0x00000000eab00000)
  object space 62976K, 29% used [0x00000000c0000000,0x00000000c11f0128,0x00000000c3d80000)
 Metaspace       used 5834K, capacity 6960K, committed 7040K, reserved 1056768K
  class space    used 580K, capacity 616K, committed 640K, reserved 1048576K
}
Event: 5.414 GC heap before
{Heap before GC invocations=5 (full 0):
 PSYoungGen      total 99840K, used 99824K [0x00000000eab00000, 0x00000000f1000000, 0x0000000100000000)
  eden space 96256K, 100% used [0x00000000eab00000,0x00000000f0900000,0x00000000f0900000)
  from space 3584K, 99% used [0x00000000f0c80000,0x00000000f0ffc250,0x00000000f1000000)
  to   space 3584K, 0% used [0x00000000f0900000,0x00000000f0900000,0x00000000f0c80000)
 ParOldGen       total 62976K, used 18368K [0x00000000c0000000, 0x00000000c3d80000, 0x00000000eab00000)
  object space 62976K, 29% used [0x00000000c0000000,0x00000000c11f0128,0x00000000c3d80000)
 Metaspace       used 6050K, capacity 7024K, committed 7296K, reserved 1056768K
  class space    used 599K, capacity 616K, committed 640K, reserved 1048576K

Deoptimization events (10 events):
Event: 3.055 Thread 0x00007fc62c152000 Uncommon trap: reason=null_check action=make_not_entrant pc=0x00007fc61d2da02c method=com.android.dx.ssa.SsaRenamer.getLocalForNewReg(I)Lcom/android/dx/rop/code/LocalItem; @ 19
Event: 3.131 Thread 0x00007fc62c00a000 Uncommon trap: reason=unstable_if action=reinterpret pc=0x00007fc61d24c268 method=java.lang.String.<init>([CII)V @ 18
Event: 3.170 Thread 0x00007fc62c153000 Uncommon trap: reason=null_check action=make_not_entrant pc=0x00007fc61d2c2e64 method=com.android.dx.ssa.SsaRenamer.getLocalForNewReg(I)Lcom/android/dx/rop/code/LocalItem; @ 19
Event: 3.219 Thread 0x00007fc62c154800 Uncommon trap: reason=unstable_if action=reinterpret pc=0x00007fc61d3b59c0 method=java.util.HashMap.putVal(ILjava/lang/Object;Ljava/lang/Object;ZZ)Ljava/lang/Object; @ 94
Event: 3.273 Thread 0x00007fc62c153000 Uncommon trap: reason=bimorphic action=maybe_recompile pc=0x00007fc61d232bd8 method=java.util.HashMap.getNode(ILjava/lang/Object;)Ljava/util/HashMap$Node; @ 126
Event: 3.291 Thread 0x00007fc62c00a000 Uncommon trap: reason=unstable_if action=reinterpret pc=0x00007fc61d202d68 method=java.lang.String.<init>([CII)V @ 18
Event: 3.881 Thread 0x00007fc62c152000 Uncommon trap: reason=unstable_if action=reinterpret pc=0x00007fc61d37de44 method=com.android.dx.util.IntList.binarysearch(I)I @ 105
Event: 4.021 Thread 0x00007fc62c14d800 Uncommon trap: reason=unstable_if action=reinterpret pc=0x00007fc61d39033c method=com.android.dx.ssa.SsaMethod.updateOneDefinition(Lcom/android/dx/ssa/SsaInsn;Lcom/android/dx/rop/code/RegisterSpec;)V @ 4
Event: 4.670 Thread 0x00007fc62c00a000 Uncommon trap: reason=unstable_if action=reinterpret pc=0x00007fc61d31bedc method=java.util.HashMap.putVal(ILjava/lang/Object;Ljava/lang/Object;ZZ)Ljava/lang/Object; @ 162
Event: 5.359 Thread 0x00007fc62c153000 Uncommon trap: reason=unstable_if action=reinterpret pc=0x00007fc61d600d04 method=java.util.HashMap.getNode(ILjava/lang/Object;)Ljava/util/HashMap$Node; @ 84

Internal exceptions (7 events):
Event: 0.065 Thread 0x00007fc62c00a000 Exception <a 'java/lang/NoSuchMethodError': Method sun.misc.Unsafe.defineClass(Ljava/lang/String;[BII)Ljava/lang/Class; name or signature does not match> (0x00000000eab07cc0) thrown at [/HUDSON3/workspace/8-2-build-linux-amd64/jdk8u101/7261/hotspot/src/sh
Event: 0.065 Thread 0x00007fc62c00a000 Exception <a 'java/lang/NoSuchMethodError': Method sun.misc.Unsafe.prefetchRead(Ljava/lang/Object;J)V name or signature does not match> (0x00000000eab07fa8) thrown at [/HUDSON3/workspace/8-2-build-linux-amd64/jdk8u101/7261/hotspot/src/share/vm/prims/jni.c
Event: 3.055 Thread 0x00007fc62c152000 Implicit null exception at 0x00007fc61d2d7c73 to 0x00007fc61d2d9fe5
Event: 3.170 Thread 0x00007fc62c153000 Implicit null exception at 0x00007fc61d2c06a9 to 0x00007fc61d2c2e41
Event: 4.680 Thread 0x00007fc62c00a000 Exception <a 'java/lang/ArrayIndexOutOfBoundsException': 18> (0x00000000ed3c2920) thrown at [/HUDSON3/workspace/8-2-build-linux-amd64/jdk8u101/7261/hotspot/src/share/vm/interpreter/interpreterRuntime.cpp, line 366]
Event: 4.680 Thread 0x00007fc62c00a000 Exception <a 'java/lang/ArrayIndexOutOfBoundsException': 145> (0x00000000ed3c44a0) thrown at [/HUDSON3/workspace/8-2-build-linux-amd64/jdk8u101/7261/hotspot/src/share/vm/interpreter/interpreterRuntime.cpp, line 366]
Event: 4.691 Thread 0x00007fc62c00a000 Exception <a 'java/lang/ArrayIndexOutOfBoundsException': 40> (0x00000000ed3c5788) thrown at [/HUDSON3/workspace/8-2-build-linux-amd64/jdk8u101/7261/hotspot/src/share/vm/interpreter/interpreterRuntime.cpp, line 366]

Events (10 events):
Event: 5.359 Thread 0x00007fc62c153000 Uncommon trap: trap_request=0xffffff65 fr.pc=0x00007fc61d600d04
Event: 5.359 Thread 0x00007fc62c153000 DEOPT PACKING pc=0x00007fc61d600d04 sp=0x00007fc6196eade0
Event: 5.359 Thread 0x00007fc62c153000 DEOPT UNPACKING pc=0x00007fc61d005229 sp=0x00007fc6196eacb0 mode 2
Event: 5.371 Thread 0x00007fc62c14d800 DEOPT PACKING pc=0x00007fc61d285e38 sp=0x00007fc6199edfc0
Event: 5.371 Thread 0x00007fc62c14d800 DEOPT UNPACKING pc=0x00007fc61d047633 sp=0x00007fc6199eddc0 mode 0
Event: 5.388 Thread 0x00007fc62c14d800 DEOPT PACKING pc=0x00007fc61d284b07 sp=0x00007fc6199edd30
Event: 5.388 Thread 0x00007fc62c14d800 DEOPT UNPACKING pc=0x00007fc61d047633 sp=0x00007fc6199eda98 mode 0
Event: 5.399 Thread 0x00007fc62c00a000 DEOPT PACKING pc=0x00007fc61d47e3dc sp=0x00007fc6351717f0
Event: 5.399 Thread 0x00007fc62c00a000 DEOPT UNPACKING pc=0x00007fc61d047633 sp=0x00007fc635171538 mode 0
Event: 5.403 Executing VM operation: ParallelGCFailedAllocation


Dynamic libraries:
00400000-00401000 r-xp 00000000 08:02 667896                             /usr/lib/jvm/java-8-oracle/bin/java
00600000-00601000 rw-p 00000000 08:02 667896                             /usr/lib/jvm/java-8-oracle/bin/java
0188b000-018ac000 rw-p 00000000 00:00 0                                  [heap]
c0000000-c3d80000 rw-p 00000000 00:00 0 
c3d80000-eab00000 ---p 00000000 00:00 0 
eab00000-f1000000 rw-p 00000000 00:00 0 
f8b00000-100000000 ---p 00000000 00:00 0 
100000000-1000a0000 rw-p 00000000 00:00 0 
1000a0000-140000000 ---p 00000000 00:00 0 
7fc5cc000000-7fc5cc021000 rw-p 00000000 00:00 0 
7fc5cc021000-7fc5d0000000 ---p 00000000 00:00 0 
7fc5d4000000-7fc5d4024000 rw-p 00000000 00:00 0 
7fc5d4024000-7fc5d8000000 ---p 00000000 00:00 0 
7fc5d8000000-7fc5d8035000 rw-p 00000000 00:00 0 
7fc5d8035000-7fc5dc000000 ---p 00000000 00:00 0 
7fc5dc000000-7fc5dc022000 rw-p 00000000 00:00 0 
7fc5dc022000-7fc5e0000000 ---p 00000000 00:00 0 
7fc5e0000000-7fc5e0021000 rw-p 00000000 00:00 0 
7fc5e0021000-7fc5e4000000 ---p 00000000 00:00 0 
7fc5e4000000-7fc5e4021000 rw-p 00000000 00:00 0 
7fc5e4021000-7fc5e8000000 ---p 00000000 00:00 0 
7fc5e8000000-7fc5e8021000 rw-p 00000000 00:00 0 
7fc5e8021000-7fc5ec000000 ---p 00000000 00:00 0 
7fc5ec000000-7fc5ec541000 rw-p 00000000 00:00 0 
7fc5ec541000-7fc5f0000000 ---p 00000000 00:00 0 
7fc5f0000000-7fc5f07b5000 rw-p 00000000 00:00 0 
7fc5f07b5000-7fc5f4000000 ---p 00000000 00:00 0 
7fc5f4000000-7fc5f4021000 rw-p 00000000 00:00 0 
7fc5f4021000-7fc5f8000000 ---p 00000000 00:00 0 
7fc5f8000000-7fc5f8440000 rw-p 00000000 00:00 0 
7fc5f8440000-7fc5fc000000 ---p 00000000 00:00 0 
7fc5fc000000-7fc5fc021000 rw-p 00000000 00:00 0 
7fc5fc021000-7fc600000000 ---p 00000000 00:00 0 
7fc600000000-7fc600021000 rw-p 00000000 00:00 0 
7fc600021000-7fc604000000 ---p 00000000 00:00 0 
7fc604000000-7fc604021000 rw-p 00000000 00:00 0 
7fc604021000-7fc608000000 ---p 00000000 00:00 0 
7fc608000000-7fc60828f000 rw-p 00000000 00:00 0 
7fc60828f000-7fc60c000000 ---p 00000000 00:00 0 
7fc60c000000-7fc60c021000 rw-p 00000000 00:00 0 
7fc60c021000-7fc610000000 ---p 00000000 00:00 0 
7fc610000000-7fc610021000 rw-p 00000000 00:00 0 
7fc610021000-7fc614000000 ---p 00000000 00:00 0 
7fc614000000-7fc614021000 rw-p 00000000 00:00 0 
7fc614021000-7fc618000000 ---p 00000000 00:00 0 
7fc6194eb000-7fc6194ee000 ---p 00000000 00:00 0 
7fc6194ee000-7fc6195ec000 rw-p 00000000 00:00 0 
7fc6195ec000-7fc6195ef000 ---p 00000000 00:00 0 
7fc6195ef000-7fc6196ed000 rw-p 00000000 00:00 0 
7fc6196ed000-7fc6196f0000 ---p 00000000 00:00 0 
7fc6196f0000-7fc6197ee000 rw-p 00000000 00:00 0 
7fc6197ee000-7fc6197f1000 ---p 00000000 00:00 0 
7fc6197f1000-7fc6198ef000 rw-p 00000000 00:00 0 
7fc6198ef000-7fc6198f2000 ---p 00000000 00:00 0 
7fc6198f2000-7fc6199f0000 rw-p 00000000 00:00 0 
7fc6199f0000-7fc6199f1000 ---p 00000000 00:00 0 
7fc6199f1000-7fc619af1000 rw-p 00000000 00:00 0 
7fc619af1000-7fc619af4000 ---p 00000000 00:00 0 
7fc619af4000-7fc619bf2000 rw-p 00000000 00:00 0 
7fc619bf2000-7fc619bf5000 ---p 00000000 00:00 0 
7fc619bf5000-7fc619cf3000 rw-p 00000000 00:00 0 
7fc619cf3000-7fc619cf6000 ---p 00000000 00:00 0 
7fc619cf6000-7fc619df4000 rw-p 00000000 00:00 0 
7fc619df4000-7fc619df7000 ---p 00000000 00:00 0 
7fc619df7000-7fc619ef5000 rw-p 00000000 00:00 0 
7fc619ef5000-7fc619ef8000 ---p 00000000 00:00 0 
7fc619ef8000-7fc619ff6000 rw-p 00000000 00:00 0 
7fc619ff6000-7fc61a6f7000 r--p 00000000 08:02 270613                     /usr/lib/locale/locale-archive
7fc61a6f7000-7fc61a6fa000 ---p 00000000 00:00 0 
7fc61a6fa000-7fc61a7f8000 rw-p 00000000 00:00 0 
7fc61a7f8000-7fc61a7fb000 ---p 00000000 00:00 0 
7fc61a7fb000-7fc61a8f9000 rw-p 00000000 00:00 0 
7fc61a8f9000-7fc61a8fa000 ---p 00000000 00:00 0 
7fc61a8fa000-7fc61d000000 rw-p 00000000 00:00 0 
7fc61d000000-7fc61d630000 rwxp 00000000 00:00 0 
7fc61d630000-7fc62c000000 ---p 00000000 00:00 0 
7fc62c000000-7fc62c3aa000 rw-p 00000000 00:00 0 
7fc62c3aa000-7fc630000000 ---p 00000000 00:00 0 
7fc6300a8000-7fc6300b3000 r--s 00097000 08:04 11535021                   /home/hatem/old_ubuntu/learning_Android/MovieApp/app/build/intermediates/exploded-aar/com.android.support/appcompat-v7/24.2.1/jars/classes.jar
7fc6300b3000-7fc630a6e000 rw-p 00000000 00:00 0 
7fc630a6e000-7fc630c47000 r--s 03d29000 08:02 795097                     /usr/lib/jvm/java-8-oracle/jre/lib/rt.jar
7fc630c47000-7fc63133d000 rw-p 00000000 00:00 0 
7fc63133d000-7fc6314bd000 ---p 00000000 00:00 0 
7fc6314bd000-7fc6316bd000 rw-p 00000000 00:00 0 
7fc6316bd000-7fc6316be000 ---p 00000000 00:00 0 
7fc6316be000-7fc6317be000 rw-p 00000000 00:00 0 
7fc6317be000-7fc6317bf000 ---p 00000000 00:00 0 
7fc6317bf000-7fc6318bf000 rw-p 00000000 00:00 0 
7fc6318bf000-7fc6318c0000 ---p 00000000 00:00 0 
7fc6318c0000-7fc6319c0000 rw-p 00000000 00:00 0 
7fc6319c0000-7fc6319c1000 ---p 00000000 00:00 0 
7fc6319c1000-7fc631ae0000 rw-p 00000000 00:00 0 
7fc631ae0000-7fc631c17000 ---p 00000000 00:00 0 
7fc631c17000-7fc631c36000 rw-p 00000000 00:00 0 
7fc631c36000-7fc631d6c000 ---p 00000000 00:00 0 
7fc631d6c000-7fc631d9f000 rw-p 00000000 00:00 0 
7fc631d9f000-7fc631e17000 ---p 00000000 00:00 0 
7fc631e17000-7fc631e31000 rw-p 00000000 00:00 0 
7fc631e31000-7fc6321d8000 ---p 00000000 00:00 0 
7fc6321d8000-7fc6321f2000 r-xp 00000000 08:02 3017401                    /usr/lib/jvm/java-8-oracle/jre/lib/amd64/libzip.so
7fc6321f2000-7fc6323f2000 ---p 0001a000 08:02 3017401                    /usr/lib/jvm/java-8-oracle/jre/lib/amd64/libzip.so
7fc6323f2000-7fc6323f3000 rw-p 0001a000 08:02 3017401                    /usr/lib/jvm/java-8-oracle/jre/lib/amd64/libzip.so
7fc6323f3000-7fc6323fe000 r-xp 00000000 08:02 2364009                    /lib/x86_64-linux-gnu/libnss_files-2.23.so
7fc6323fe000-7fc6325fd000 ---p 0000b000 08:02 2364009                    /lib/x86_64-linux-gnu/libnss_files-2.23.so
7fc6325fd000-7fc6325fe000 r--p 0000a000 08:02 2364009                    /lib/x86_64-linux-gnu/libnss_files-2.23.so
7fc6325fe000-7fc6325ff000 rw-p 0000b000 08:02 2364009                    /lib/x86_64-linux-gnu/libnss_files-2.23.so
7fc6325ff000-7fc632605000 rw-p 00000000 00:00 0 
7fc632605000-7fc632610000 r-xp 00000000 08:02 2364020                    /lib/x86_64-linux-gnu/libnss_nis-2.23.so
7fc632610000-7fc63280f000 ---p 0000b000 08:02 2364020                    /lib/x86_64-linux-gnu/libnss_nis-2.23.so
7fc63280f000-7fc632810000 r--p 0000a000 08:02 2364020                    /lib/x86_64-linux-gnu/libnss_nis-2.23.so
7fc632810000-7fc632811000 rw-p 0000b000 08:02 2364020                    /lib/x86_64-linux-gnu/libnss_nis-2.23.so
7fc632811000-7fc632827000 r-xp 00000000 08:02 2364003                    /lib/x86_64-linux-gnu/libnsl-2.23.so
7fc632827000-7fc632a26000 ---p 00016000 08:02 2364003                    /lib/x86_64-linux-gnu/libnsl-2.23.so
7fc632a26000-7fc632a27000 r--p 00015000 08:02 2364003                    /lib/x86_64-linux-gnu/libnsl-2.23.so
7fc632a27000-7fc632a28000 rw-p 00016000 08:02 2364003                    /lib/x86_64-linux-gnu/libnsl-2.23.so
7fc632a28000-7fc632a2a000 rw-p 00000000 00:00 0 
7fc632a2a000-7fc632a32000 r-xp 00000000 08:02 2364005                    /lib/x86_64-linux-gnu/libnss_compat-2.23.so
7fc632a32000-7fc632c31000 ---p 00008000 08:02 2364005                    /lib/x86_64-linux-gnu/libnss_compat-2.23.so
7fc632c31000-7fc632c32000 r--p 00007000 08:02 2364005                    /lib/x86_64-linux-gnu/libnss_compat-2.23.so
7fc632c32000-7fc632c33000 rw-p 00008000 08:02 2364005                    /lib/x86_64-linux-gnu/libnss_compat-2.23.so
7fc632c33000-7fc632c5d000 r-xp 00000000 08:02 3017425                    /usr/lib/jvm/java-8-oracle/jre/lib/amd64/libjava.so
7fc632c5d000-7fc632e5d000 ---p 0002a000 08:02 3017425                    /usr/lib/jvm/java-8-oracle/jre/lib/amd64/libjava.so
7fc632e5d000-7fc632e5f000 rw-p 0002a000 08:02 3017425                    /usr/lib/jvm/java-8-oracle/jre/lib/amd64/libjava.so
7fc632e5f000-7fc632e6c000 r-xp 00000000 08:02 3017381                    /usr/lib/jvm/java-8-oracle/jre/lib/amd64/libverify.so
7fc632e6c000-7fc63306c000 ---p 0000d000 08:02 3017381                    /usr/lib/jvm/java-8-oracle/jre/lib/amd64/libverify.so
7fc63306c000-7fc63306e000 rw-p 0000d000 08:02 3017381                    /usr/lib/jvm/java-8-oracle/jre/lib/amd64/libverify.so
7fc63306e000-7fc633075000 r-xp 00000000 08:02 2364065                    /lib/x86_64-linux-gnu/librt-2.23.so
7fc633075000-7fc633274000 ---p 00007000 08:02 2364065                    /lib/x86_64-linux-gnu/librt-2.23.so
7fc633274000-7fc633275000 r--p 00006000 08:02 2364065                    /lib/x86_64-linux-gnu/librt-2.23.so
7fc633275000-7fc633276000 rw-p 00007000 08:02 2364065                    /lib/x86_64-linux-gnu/librt-2.23.so
7fc633276000-7fc63337e000 r-xp 00000000 08:02 2363982                    /lib/x86_64-linux-gnu/libm-2.23.so
7fc63337e000-7fc63357d000 ---p 00108000 08:02 2363982                    /lib/x86_64-linux-gnu/libm-2.23.so
7fc63357d000-7fc63357e000 r--p 00107000 08:02 2363982                    /lib/x86_64-linux-gnu/libm-2.23.so
7fc63357e000-7fc63357f000 rw-p 00108000 08:02 2363982                    /lib/x86_64-linux-gnu/libm-2.23.so
7fc63357f000-7fc63424a000 r-xp 00000000 08:02 3146955                    /usr/lib/jvm/java-8-oracle/jre/lib/amd64/server/libjvm.so
7fc63424a000-7fc634449000 ---p 00ccb000 08:02 3146955                    /usr/lib/jvm/java-8-oracle/jre/lib/amd64/server/libjvm.so
7fc634449000-7fc634522000 rw-p 00cca000 08:02 3146955                    /usr/lib/jvm/java-8-oracle/jre/lib/amd64/server/libjvm.so
7fc634522000-7fc63456d000 rw-p 00000000 00:00 0 
7fc63456d000-7fc63472d000 r-xp 00000000 08:02 2363914                    /lib/x86_64-linux-gnu/libc-2.23.so
7fc63472d000-7fc63492c000 ---p 001c0000 08:02 2363914                    /lib/x86_64-linux-gnu/libc-2.23.so
7fc63492c000-7fc634930000 r--p 001bf000 08:02 2363914                    /lib/x86_64-linux-gnu/libc-2.23.so
7fc634930000-7fc634932000 rw-p 001c3000 08:02 2363914                    /lib/x86_64-linux-gnu/libc-2.23.so
7fc634932000-7fc634936000 rw-p 00000000 00:00 0 
7fc634936000-7fc634939000 r-xp 00000000 08:02 2363936                    /lib/x86_64-linux-gnu/libdl-2.23.so
7fc634939000-7fc634b38000 ---p 00003000 08:02 2363936                    /lib/x86_64-linux-gnu/libdl-2.23.so
7fc634b38000-7fc634b39000 r--p 00002000 08:02 2363936                    /lib/x86_64-linux-gnu/libdl-2.23.so
7fc634b39000-7fc634b3a000 rw-p 00003000 08:02 2363936                    /lib/x86_64-linux-gnu/libdl-2.23.so
7fc634b3a000-7fc634b4f000 r-xp 00000000 08:02 1586632                    /usr/lib/jvm/java-8-oracle/lib/amd64/jli/libjli.so
7fc634b4f000-7fc634d4f000 ---p 00015000 08:02 1586632                    /usr/lib/jvm/java-8-oracle/lib/amd64/jli/libjli.so
7fc634d4f000-7fc634d50000 rw-p 00015000 08:02 1586632                    /usr/lib/jvm/java-8-oracle/lib/amd64/jli/libjli.so
7fc634d50000-7fc634d68000 r-xp 00000000 08:02 2364057                    /lib/x86_64-linux-gnu/libpthread-2.23.so
7fc634d68000-7fc634f67000 ---p 00018000 08:02 2364057                    /lib/x86_64-linux-gnu/libpthread-2.23.so
7fc634f67000-7fc634f68000 r--p 00017000 08:02 2364057                    /lib/x86_64-linux-gnu/libpthread-2.23.so
7fc634f68000-7fc634f69000 rw-p 00018000 08:02 2364057                    /lib/x86_64-linux-gnu/libpthread-2.23.so
7fc634f69000-7fc634f6d000 rw-p 00000000 00:00 0 
7fc634f6d000-7fc634f93000 r-xp 00000000 08:02 2363886                    /lib/x86_64-linux-gnu/ld-2.23.so
7fc634f9a000-7fc635073000 rw-p 00000000 00:00 0 
7fc635073000-7fc635076000 ---p 00000000 00:00 0 
7fc635076000-7fc635178000 rw-p 00000000 00:00 0 
7fc635178000-7fc635186000 r--s 000e0000 08:04 8782666                    /home/hatem/old_ubuntu/Android/Sdk/build-tools/24.0.1/lib/dx.jar
7fc635186000-7fc63518e000 rw-s 00000000 08:02 3675883                    /tmp/hsperfdata_hatem/12749
7fc63518e000-7fc63518f000 rw-p 00000000 00:00 0 
7fc63518f000-7fc635190000 ---p 00000000 00:00 0 
7fc635190000-7fc635192000 rw-p 00000000 00:00 0 
7fc635192000-7fc635193000 r--p 00025000 08:02 2363886                    /lib/x86_64-linux-gnu/ld-2.23.so
7fc635193000-7fc635194000 rw-p 00026000 08:02 2363886                    /lib/x86_64-linux-gnu/ld-2.23.so
7fc635194000-7fc635195000 rw-p 00000000 00:00 0 
7ffe587e2000-7ffe58803000 rw-p 00000000 00:00 0                          [stack]
7ffe589c9000-7ffe589cb000 r--p 00000000 00:00 0                          [vvar]
7ffe589cb000-7ffe589cd000 r-xp 00000000 00:00 0                          [vdso]
ffffffffff600000-ffffffffff601000 r-xp 00000000 00:00 0                  [vsyscall]

VM Arguments:
jvm_args: -Djava.awt.headless=true -Xmx1024M -Dfile.encoding=UTF-8 -Duser.country=US -Duser.language=en -Duser.variant 
java_command: com.android.dx.command.Main --dex --force-jumbo --num-threads=4 --multi-dex --output /home/hatem/old_ubuntu/learning_Android/MovieApp/app/build/intermediates/transforms/dex/debug/folders/1000/10/com.android.support-appcompat-v7-24.2.1_ef52f187b6dc26cb12fd7fd26ee528798f377f10 /home/hatem/old_ubuntu/learning_Android/MovieApp/app/build/intermediates/exploded-aar/com.android.support/appcompat-v7/24.2.1/jars/classes.jar
java_class_path (initial): /home/hatem/old_ubuntu/Android/Sdk/build-tools/24.0.1/lib/dx.jar
Launcher Type: SUN_STANDARD

Environment Variables:
JAVA_HOME=/usr/lib/jvm/java-8-oracle
PATH=/usr/local/sbin:/usr/local/bin:/usr/sbin:/usr/bin:/sbin:/bin:/usr/games:/usr/local/games:/snap/bin:/usr/lib/jvm/java-8-oracle/bin:/usr/lib/jvm/java-8-oracle/db/bin:/usr/lib/jvm/java-8-oracle/jre/bin
USERNAME=hatem
LD_LIBRARY_PATH=/opt/android-studio/bin:
SHELL=/bin/bash
DISPLAY=:1

Signal Handlers:
SIGSEGV: [libjvm.so+0xac4790], sa_mask[0]=11111111011111111101111111111110, sa_flags=SA_RESTART|SA_SIGINFO
SIGBUS: [libjvm.so+0xac4790], sa_mask[0]=11111111011111111101111111111110, sa_flags=SA_RESTART|SA_SIGINFO
SIGFPE: [libjvm.so+0x91f140], sa_mask[0]=11111111011111111101111111111110, sa_flags=SA_RESTART|SA_SIGINFO
SIGPIPE: [libjvm.so+0x91f140], sa_mask[0]=11111111011111111101111111111110, sa_flags=SA_RESTART|SA_SIGINFO
SIGXFSZ: [libjvm.so+0x91f140], sa_mask[0]=11111111011111111101111111111110, sa_flags=SA_RESTART|SA_SIGINFO
SIGILL: [libjvm.so+0x91f140], sa_mask[0]=11111111011111111101111111111110, sa_flags=SA_RESTART|SA_SIGINFO
SIGUSR1: SIG_DFL, sa_mask[0]=00000000000000000000000000000000, sa_flags=none
SIGUSR2: [libjvm.so+0x920770], sa_mask[0]=00100000000000000000000000000000, sa_flags=SA_RESTART|SA_SIGINFO
SIGHUP: [libjvm.so+0x921b70], sa_mask[0]=11111111011111111101111111111110, sa_flags=SA_RESTART|SA_SIGINFO
SIGINT: [libjvm.so+0x921b70], sa_mask[0]=11111111011111111101111111111110, sa_flags=SA_RESTART|SA_SIGINFO
SIGTERM: [libjvm.so+0x921b70], sa_mask[0]=11111111011111111101111111111110, sa_flags=SA_RESTART|SA_SIGINFO
SIGQUIT: [libjvm.so+0x921b70], sa_mask[0]=11111111011111111101111111111110, sa_flags=SA_RESTART|SA_SIGINFO


---------------  S Y S T E M  ---------------

OS:DISTRIB_ID=Ubuntu
DISTRIB_RELEASE=16.04
DISTRIB_CODENAME=xenial
DISTRIB_DESCRIPTION="Ubuntu 16.04.1 LTS"

uname:Linux 4.4.0-38-generic #57-Ubuntu SMP Tue Sep 6 15:42:33 UTC 2016 x86_64
libc:glibc 2.23 NPTL 2.23 
rlimit: STACK 8192k, CORE 0k, NPROC 23304, NOFILE 65536, AS infinity
load average:7.40 3.26 2.19

/proc/meminfo:
MemTotal:        6004576 kB
MemFree:          149540 kB
MemAvailable:      65168 kB
Buffers:            1556 kB
Cached:           659228 kB
SwapCached:        13008 kB
Active:          3732224 kB
Inactive:        1064920 kB
Active(anon):    3709044 kB
Inactive(anon):  1042168 kB
Active(file):      23180 kB
Inactive(file):    22752 kB
Unevictable:          88 kB
Mlocked:              88 kB
SwapTotal:        999420 kB
SwapFree:              0 kB
Dirty:              2976 kB
Writeback:            32 kB
AnonPages:       4123684 kB
Mapped:          1096572 kB
Shmem:            614828 kB
Slab:              97488 kB
SReclaimable:      45076 kB
SUnreclaim:        52412 kB
KernelStack:       15568 kB
PageTables:        62244 kB
NFS_Unstable:          0 kB
Bounce:                0 kB
WritebackTmp:          0 kB
CommitLimit:     4001708 kB
Committed_AS:   13658804 kB
VmallocTotal:   34359738367 kB
VmallocUsed:           0 kB
VmallocChunk:          0 kB
HardwareCorrupted:     0 kB
AnonHugePages:   1062912 kB
CmaTotal:              0 kB
CmaFree:               0 kB
HugePages_Total:       0
HugePages_Free:        0
HugePages_Rsvd:        0
HugePages_Surp:        0
Hugepagesize:       2048 kB
DirectMap4k:      224000 kB
DirectMap2M:     5961728 kB
DirectMap1G:     1048576 kB


CPU:total 4 (2 cores per cpu, 2 threads per core) family 6 model 69 stepping 1, cmov, cx8, fxsr, mmx, sse, sse2, sse3, ssse3, sse4.1, sse4.2, popcnt, avx, avx2, aes, clmul, erms, lzcnt, ht, tsc, tscinvbit, bmi1, bmi2

/proc/cpuinfo:
processor	: 0
vendor_id	: GenuineIntel
cpu family	: 6
model		: 69
model name	: Intel(R) Core(TM) i7-4510U CPU @ 2.00GHz
stepping	: 1
microcode	: 0x1c
cpu MHz		: 2621.429
cache size	: 4096 KB
physical id	: 0
siblings	: 4
core id		: 0
cpu cores	: 2
apicid		: 0
initial apicid	: 0
fpu		: yes
fpu_exception	: yes
cpuid level	: 13
wp		: yes
flags		: fpu vme de pse tsc msr pae mce cx8 apic sep mtrr pge mca cmov pat pse36 clflush dts acpi mmx fxsr sse sse2 ss ht tm pbe syscall nx pdpe1gb rdtscp lm constant_tsc arch_perfmon pebs bts rep_good nopl xtopology nonstop_tsc aperfmperf eagerfpu pni pclmulqdq dtes64 monitor ds_cpl vmx est tm2 ssse3 sdbg fma cx16 xtpr pdcm pcid sse4_1 sse4_2 movbe popcnt tsc_deadline_timer aes xsave avx f16c rdrand lahf_lm abm epb tpr_shadow vnmi flexpriority ept vpid fsgsbase tsc_adjust bmi1 avx2 smep bmi2 erms invpcid xsaveopt dtherm ida arat pln pts
bugs		:
bogomips	: 5188.31
clflush size	: 64
cache_alignment	: 64
address sizes	: 39 bits physical, 48 bits virtual
power management:

processor	: 1
vendor_id	: GenuineIntel
cpu family	: 6
model		: 69
model name	: Intel(R) Core(TM) i7-4510U CPU @ 2.00GHz
stepping	: 1
microcode	: 0x1c
cpu MHz		: 2621.429
cache size	: 4096 KB
physical id	: 0
siblings	: 4
core id		: 0
cpu cores	: 2
apicid		: 1
initial apicid	: 1
fpu		: yes
fpu_exception	: yes
cpuid level	: 13
wp		: yes
flags		: fpu vme de pse tsc msr pae mce cx8 apic sep mtrr pge mca cmov pat pse36 clflush dts acpi mmx fxsr sse sse2 ss ht tm pbe syscall nx pdpe1gb rdtscp lm constant_tsc arch_perfmon pebs bts rep_good nopl xtopology nonstop_tsc aperfmperf eagerfpu pni pclmulqdq dtes64 monitor ds_cpl vmx est tm2 ssse3 sdbg fma cx16 xtpr pdcm pcid sse4_1 sse4_2 movbe popcnt tsc_deadline_timer aes xsave avx f16c rdrand lahf_lm abm epb tpr_shadow vnmi flexpriority ept vpid fsgsbase tsc_adjust bmi1 avx2 smep bmi2 erms invpcid xsaveopt dtherm ida arat pln pts
bugs		:
bogomips	: 5188.31
clflush size	: 64
cache_alignment	: 64
address sizes	: 39 bits physical, 48 bits virtual
power management:

processor	: 2
vendor_id	: GenuineIntel
cpu family	: 6
model		: 69
model name	: Intel(R) Core(TM) i7-4510U CPU @ 2.00GHz
stepping	: 1
microcode	: 0x1c
cpu MHz		: 2621.429
cache size	: 4096 KB
physical id	: 0
siblings	: 4
core id		: 1
cpu cores	: 2
apicid		: 2
initial apicid	: 2
fpu		: yes
fpu_exception	: yes
cpuid level	: 13
wp		: yes
flags		: fpu vme de pse tsc msr pae mce cx8 apic sep mtrr pge mca cmov pat pse36 clflush dts acpi mmx fxsr sse sse2 ss ht tm pbe syscall nx pdpe1gb rdtscp lm constant_tsc arch_perfmon pebs bts rep_good nopl xtopology nonstop_tsc aperfmperf eagerfpu pni pclmulqdq dtes64 monitor ds_cpl vmx est tm2 ssse3 sdbg fma cx16 xtpr pdcm pcid sse4_1 sse4_2 movbe popcnt tsc_deadline_timer aes xsave avx f16c rdrand lahf_lm abm epb tpr_shadow vnmi flexpriority ept vpid fsgsbase tsc_adjust bmi1 avx2 smep bmi2 erms invpcid xsaveopt dtherm ida arat pln pts
bugs		:
bogomips	: 5188.31
clflush size	: 64
cache_alignment	: 64
address sizes	: 39 bits physical, 48 bits virtual
power management:

processor	: 3
vendor_id	: GenuineIntel
cpu family	: 6
model		: 69
model name	: Intel(R) Core(TM) i7-4510U CPU @ 2.00GHz
stepping	: 1
microcode	: 0x1c
cpu MHz		: 2621.531
cache size	: 4096 KB
physical id	: 0
siblings	: 4
core id		: 1
cpu cores	: 2
apicid		: 3
initial apicid	: 3
fpu		: yes
fpu_exception	: yes
cpuid level	: 13
wp		: yes
flags		: fpu vme de pse tsc msr pae mce cx8 apic sep mtrr pge mca cmov pat pse36 clflush dts acpi mmx fxsr sse sse2 ss ht tm pbe syscall nx pdpe1gb rdtscp lm constant_tsc arch_perfmon pebs bts rep_good nopl xtopology nonstop_tsc aperfmperf eagerfpu pni pclmulqdq dtes64 monitor ds_cpl vmx est tm2 ssse3 sdbg fma cx16 xtpr pdcm pcid sse4_1 sse4_2 movbe popcnt tsc_deadline_timer aes xsave avx f16c rdrand lahf_lm abm epb tpr_shadow vnmi flexpriority ept vpid fsgsbase tsc_adjust bmi1 avx2 smep bmi2 erms invpcid xsaveopt dtherm ida arat pln pts
bugs		:
bogomips	: 5188.31
clflush size	: 64
cache_alignment	: 64
address sizes	: 39 bits physical, 48 bits virtual
power management:



Memory: 4k page, physical 6004576k(149540k free), swap 999420k(0k free)

vm_info: Java HotSpot(TM) 64-Bit Server VM (25.101-b13) for linux-amd64 JRE (1.8.0_101-b13), built on Jun 22 2016 02:59:44 by "java_re" with gcc 4.3.0 20080428 (Red Hat 4.3.0-8)

time: Sun Sep 25 16:17:23 2016
elapsed time: 5 seconds (0d 0h 0m 5s)

